Unity Editor version:    2021.2.0b16 (edbc0738c91b)
Branch:                  2021.2/staging
Build type:              Release
Batch mode:              YES
macOS version:           Version 11.6 (Build 20G165)
Darwin version:          20.6.0
Architecture:            x86_64
Running under Rosetta:   NO
Available memory:        65536 MB
Using pre-set license
Pro License: NO

COMMAND LINE ARGUMENTS:
/Applications/Unity/Hub/Editor/2021.2.0b16/Unity.app/Contents/MacOS/Unity
-adb2
-batchMode
-noUpm
-name
AssetImportWorker5
-projectPath
/Users/christian_hilton/Documents/harvardExt/23_game_dev/assignment10
-logFile
Logs/AssetImportWorker5.log
-srvPort
54915
Successfully changed project path to: /Users/christian_hilton/Documents/harvardExt/23_game_dev/assignment10
/Users/christian_hilton/Documents/harvardExt/23_game_dev/assignment10
[UnityMemory] Configuration Parameters - Can be set up in boot.config
    "memorysetup-bucket-allocator-granularity=16"
    "memorysetup-bucket-allocator-bucket-count=8"
    "memorysetup-bucket-allocator-block-size=33554432"
    "memorysetup-bucket-allocator-block-count=8"
    "memorysetup-main-allocator-block-size=16777216"
    "memorysetup-thread-allocator-block-size=16777216"
    "memorysetup-gfx-main-allocator-block-size=16777216"
    "memorysetup-gfx-thread-allocator-block-size=16777216"
    "memorysetup-cache-allocator-block-size=4194304"
    "memorysetup-typetree-allocator-block-size=2097152"
    "memorysetup-profiler-bucket-allocator-granularity=16"
    "memorysetup-profiler-bucket-allocator-bucket-count=8"
    "memorysetup-profiler-bucket-allocator-block-size=33554432"
    "memorysetup-profiler-bucket-allocator-block-count=8"
    "memorysetup-profiler-allocator-block-size=16777216"
    "memorysetup-profiler-editor-allocator-block-size=1048576"
    "memorysetup-temp-allocator-size-main=16777216"
    "memorysetup-job-temp-allocator-block-size=2097152"
    "memorysetup-job-temp-allocator-block-size-background=1048576"
    "memorysetup-job-temp-allocator-reduction-small-platforms=262144"
    "memorysetup-temp-allocator-size-background-worker=32768"
    "memorysetup-temp-allocator-size-job-worker=262144"
    "memorysetup-temp-allocator-size-preload-manager=33554432"
    "memorysetup-temp-allocator-size-nav-mesh-worker=65536"
    "memorysetup-temp-allocator-size-audio-worker=65536"
    "memorysetup-temp-allocator-size-cloud-worker=32768"
    "memorysetup-temp-allocator-size-gi-baking-worker=262144"
    "memorysetup-temp-allocator-size-gfx=262144"
Refreshing native plugins compatible for Editor in 85.61 ms, found 2 plugins.
Preloading 0 native plugins for Editor in 0.00 ms.
Initialize engine version: 2021.2.0b16 (edbc0738c91b)
[Subsystems] Discovering subsystems at path /Applications/Unity/Hub/Editor/2021.2.0b16/Unity.app/Contents/Resources/UnitySubsystems
[Subsystems] Discovering subsystems at path /Users/christian_hilton/Documents/harvardExt/23_game_dev/assignment10/Assets
GfxDevice: creating device client; threaded=0; jobified=0
Thunderbolt Display preferred device: AMD Radeon Pro 5500M (high power)
Metal devices available: 2
0: AMD Radeon Pro 5500M (high power)
1: Intel(R) UHD Graphics 630 (low power)
Using device AMD Radeon Pro 5500M (high power)
Initializing Metal device caps: AMD Radeon Pro 5500M
Initialize mono
Mono path[0] = '/Applications/Unity/Hub/Editor/2021.2.0b16/Unity.app/Contents/Managed'
Mono path[1] = '/Applications/Unity/Hub/Editor/2021.2.0b16/Unity.app/Contents/MonoBleedingEdge/lib/mono/unityjit-macos'
Mono config path = '/Applications/Unity/Hub/Editor/2021.2.0b16/Unity.app/Contents/MonoBleedingEdge/etc'
Using monoOptions --debugger-agent=transport=dt_socket,embedding=1,server=y,suspend=n,address=127.0.0.1:56549
Begin MonoManager ReloadAssembly
Registering precompiled unity dll's ...
Register platform support module: /Applications/Unity/Hub/Editor/2021.2.0b16/Unity.app/Contents/PlaybackEngines/MacStandaloneSupport/UnityEditor.OSXStandalone.Extensions.dll
Registered in 0.002112 seconds.
Native extension for OSXStandalone target not found
Refreshing native plugins compatible for Editor in 51.29 ms, found 2 plugins.
Preloading 0 native plugins for Editor in 0.00 ms.
Mono: successfully reloaded assembly
- Completed reload, in  2.162 seconds
Domain Reload Profiling:
	ReloadAssembly (2163ms)
		BeginReloadAssembly (73ms)
			ExecutionOrderSort (0ms)
			DisableScriptedObjects (0ms)
			BackupInstance (0ms)
			ReleaseScriptingObjects (0ms)
			CreateAndSetChildDomain (1ms)
		EndReloadAssembly (697ms)
			LoadAssemblies (72ms)
			RebuildTransferFunctionScriptingTraits (0ms)
			SetupTypeCache (172ms)
			ReleaseScriptCaches (0ms)
			RebuildScriptCaches (61ms)
			SetupLoadedEditorAssemblies (379ms)
				LogAssemblyErrors (0ms)
				InitializePlatformSupportModulesInManaged (8ms)
				SetLoadedEditorAssemblies (0ms)
				RefreshPlugins (51ms)
				BeforeProcessingInitializeOnLoad (3ms)
				ProcessInitializeOnLoadAttributes (248ms)
				ProcessInitializeOnLoadMethodAttributes (68ms)
				AfterProcessingInitializeOnLoad (0ms)
				EditorAssembliesLoaded (0ms)
			ExecutionOrderSort2 (0ms)
			AwakeInstancesAfterBackupRestoration (0ms)
Platform modules already initialized, skipping
Registering precompiled user dll's ...
Registered in 0.003128 seconds.
Begin MonoManager ReloadAssembly
Native extension for OSXStandalone target not found
Refreshing native plugins compatible for Editor in 0.63 ms, found 2 plugins.
Preloading 0 native plugins for Editor in 0.00 ms.
Package Manager log level set to [2]
Mono: successfully reloaded assembly
- Completed reload, in  2.070 seconds
Domain Reload Profiling:
	ReloadAssembly (2071ms)
		BeginReloadAssembly (283ms)
			ExecutionOrderSort (0ms)
			DisableScriptedObjects (9ms)
			BackupInstance (0ms)
			ReleaseScriptingObjects (0ms)
			CreateAndSetChildDomain (54ms)
		EndReloadAssembly (1629ms)
			LoadAssemblies (97ms)
			RebuildTransferFunctionScriptingTraits (0ms)
			SetupTypeCache (326ms)
			ReleaseScriptCaches (0ms)
			RebuildScriptCaches (71ms)
			SetupLoadedEditorAssemblies (925ms)
				LogAssemblyErrors (0ms)
				InitializePlatformSupportModulesInManaged (14ms)
				SetLoadedEditorAssemblies (1ms)
				RefreshPlugins (1ms)
				BeforeProcessingInitializeOnLoad (96ms)
				ProcessInitializeOnLoadAttributes (670ms)
				ProcessInitializeOnLoadMethodAttributes (140ms)
				AfterProcessingInitializeOnLoad (2ms)
				EditorAssembliesLoaded (0ms)
			ExecutionOrderSort2 (0ms)
			AwakeInstancesAfterBackupRestoration (5ms)
Platform modules already initialized, skipping
========================================================================
Worker process is ready to serve import requests
Launching external process: /Applications/Unity/Hub/Editor/2021.2.0b16/Unity.app/Contents/Tools/UnityShaderCompiler
Launched and connected shader compiler UnityShaderCompiler after 0.02 seconds
Refreshing native plugins compatible for Editor in 0.67 ms, found 2 plugins.
Preloading 0 native plugins for Editor in 0.00 ms.
Unloading 2599 Unused Serialized files (Serialized files now loaded: 0)
Unloading 126 unused Assets / (114.0 KB). Loaded Objects now: 3029.
Memory consumption went from 206.4 MB to 206.3 MB.
Total: 9.866516 ms (FindLiveObjects: 0.260800 ms CreateObjectMapping: 0.125300 ms MarkObjects: 9.216391 ms  DeleteObjects: 0.263145 ms)

AssetImportParameters requested are different than current active one (requested -> active):
  custom:video-decoder-ogg-theora: a1e56fd34408186e4bbccfd4996cb3dc -> 
  custom:container-muxer-webm: aa71ff27fc2769a1b78a27578f13a17b -> 
  custom:container-demuxer-webm: 4f35f7cbe854078d1ac9338744f61a02 -> 
  custom:video-encoder-webm-vp8: eb34c28f22e8b96e1ab97ce403110664 -> 
  custom:framework-osx-AVFoundation: e770b220cccbd017edd2c1fefb359320 -> 
  custom:audio-encoder-webm-vorbis: bf7c407c2cedff20999df2af8eb42d56 -> 
  custom:SearchIndexIgnoredProperties: e643bd26f0fe6173181afceb89e7c659 -> 
  custom:container-demuxer-ogg: 62fdf1f143b41e24485cea50d1cbac27 -> 
  custom:video-decoder-webm-vp8: 9c59270c3fd7afecdb556c50c9e8de78 -> 
  custom:audio-decoder-ogg-vorbis: bf7c407c2cedff20999df2af8eb42d56 -> 
========================================================================
Received Import Request.
  Time since last request: 871735.952211 seconds.
  path: Assets/Standard Assets/Utility/ParticleSystemDestroyer.cs
  artifactKey: Guid(29014cd42b6d273408e0ceefd336c0b3) Importer(2089858483,934ff659095e30574adcf32a4c2f97b5)
Start importing Assets/Standard Assets/Utility/ParticleSystemDestroyer.cs using Guid(29014cd42b6d273408e0ceefd336c0b3) Importer(2089858483,934ff659095e30574adcf32a4c2f97b5)  -> (artifact id: '4f1ea0f08671dab3055117b217dbd5d5') in 4.282650 seconds 
========================================================================
Received Import Request.
  Time since last request: 0.002945 seconds.
  path: Assets/FireFireWeapon/LightMG/Pistol31/Materials/Pistol31.FBX
  artifactKey: Guid(d19a3d4883acbe9479fb1517c870cb35) Importer(2089858483,934ff659095e30574adcf32a4c2f97b5)
Start importing Assets/FireFireWeapon/LightMG/Pistol31/Materials/Pistol31.FBX using Guid(d19a3d4883acbe9479fb1517c870cb35) Importer(2089858483,934ff659095e30574adcf32a4c2f97b5)  -> (artifact id: 'a8b39880f9555a958fe8fa8325ec7e91') in 4.413341 seconds 
========================================================================
Received Import Request.
  Time since last request: 1.038628 seconds.
  path: Assets/Standard Assets/Characters/ThirdPersonCharacter/Animation/HumanoidJumpAndFall.fbx
  artifactKey: Guid(51dd2e4c869794f75a0df7d54b210214) Importer(2089858483,934ff659095e30574adcf32a4c2f97b5)
Start importing Assets/Standard Assets/Characters/ThirdPersonCharacter/Animation/HumanoidJumpAndFall.fbx using Guid(51dd2e4c869794f75a0df7d54b210214) Importer(2089858483,934ff659095e30574adcf32a4c2f97b5)  -> (artifact id: 'e701f8229481193f96f0be873ab83cd4') in 0.694197 seconds 
========================================================================
Received Import Request.
  Time since last request: 0.396301 seconds.
  path: Assets/Standard Assets/Characters/ThirdPersonCharacter/Animator/ThirdPersonAnimatorController.controller
  artifactKey: Guid(e2cf68ff4b1ffda45a77f7307dd789b9) Importer(2089858483,934ff659095e30574adcf32a4c2f97b5)
Start importing Assets/Standard Assets/Characters/ThirdPersonCharacter/Animator/ThirdPersonAnimatorController.controller using Guid(e2cf68ff4b1ffda45a77f7307dd789b9) Importer(2089858483,934ff659095e30574adcf32a4c2f97b5)  -> (artifact id: '7c3390ec1f57bb4cbbdbfc5ea30d1dd3') in 0.161742 seconds 
========================================================================
Received Import Request.
  Time since last request: 0.388709 seconds.
  path: Assets/Standard Assets/Characters/ThirdPersonCharacter/Scripts/ThirdPersonUserControl.cs
  artifactKey: Guid(521b611700410be45810047f0a74e899) Importer(2089858483,934ff659095e30574adcf32a4c2f97b5)
Start importing Assets/Standard Assets/Characters/ThirdPersonCharacter/Scripts/ThirdPersonUserControl.cs using Guid(521b611700410be45810047f0a74e899) Importer(2089858483,934ff659095e30574adcf32a4c2f97b5)  -> (artifact id: 'bbb270a9a30ea741dccbd523c852da4a') in 0.004410 seconds 
========================================================================
Received Import Request.
  Time since last request: 0.000082 seconds.
  path: Assets/Standard Assets/Characters/ThirdPersonCharacter/Textures/EthanNormals.png
  artifactKey: Guid(3b5b7be0f2332c24f89a2af018daa62d) Importer(2089858483,934ff659095e30574adcf32a4c2f97b5)
Start importing Assets/Standard Assets/Characters/ThirdPersonCharacter/Textures/EthanNormals.png using Guid(3b5b7be0f2332c24f89a2af018daa62d) Importer(2089858483,934ff659095e30574adcf32a4c2f97b5)  -> (artifact id: '61d4be0deb7894ab813390ffe575cbc1') in 1.024162 seconds 
========================================================================
Received Prepare
Registering precompiled user dll's ...
Registered in 0.002310 seconds.
Begin MonoManager ReloadAssembly
Native extension for OSXStandalone target not found
Refreshing native plugins compatible for Editor in 0.81 ms, found 2 plugins.
Preloading 0 native plugins for Editor in 0.00 ms.
Warning: Annotation not found!
UnityEngine.StackTraceUtility:ExtractStackTrace () (at /Users/bokken/buildslave/unity/build/Runtime/Export/Scripting/StackTrace.cs:37)
UnityEditor.ProBuilder.EditorUtility:SetGizmoIconEnabled (System.Type,bool) (at Library/PackageCache/com.unity.probuilder@5.0.3/Editor/EditorCore/EditorUtility.cs:575)
UnityEditor.ProBuilder.HierarchyListener:.cctor () (at Library/PackageCache/com.unity.probuilder@5.0.3/Editor/EditorCore/HierarchyListener.cs:21)
System.Runtime.CompilerServices.RuntimeHelpers:RunClassConstructor (System.RuntimeTypeHandle)
UnityEditor.EditorAssemblies:ProcessInitializeOnLoadAttributes (System.Type[]) (at /Users/bokken/buildslave/unity/build/Editor/Mono/EditorAssemblies.cs:126)

[Library/PackageCache/com.unity.probuilder@5.0.3/Editor/EditorCore/EditorUtility.cs line 575]

Mono: successfully reloaded assembly
- Completed reload, in  1.778 seconds
Domain Reload Profiling:
	ReloadAssembly (1778ms)
		BeginReloadAssembly (199ms)
			ExecutionOrderSort (0ms)
			DisableScriptedObjects (9ms)
			BackupInstance (0ms)
			ReleaseScriptingObjects (0ms)
			CreateAndSetChildDomain (94ms)
		EndReloadAssembly (1435ms)
			LoadAssemblies (70ms)
			RebuildTransferFunctionScriptingTraits (0ms)
			SetupTypeCache (285ms)
			ReleaseScriptCaches (1ms)
			RebuildScriptCaches (56ms)
			SetupLoadedEditorAssemblies (758ms)
				LogAssemblyErrors (0ms)
				InitializePlatformSupportModulesInManaged (15ms)
				SetLoadedEditorAssemblies (1ms)
				RefreshPlugins (1ms)
				BeforeProcessingInitializeOnLoad (73ms)
				ProcessInitializeOnLoadAttributes (506ms)
				ProcessInitializeOnLoadMethodAttributes (159ms)
				AfterProcessingInitializeOnLoad (3ms)
				EditorAssembliesLoaded (0ms)
			ExecutionOrderSort2 (0ms)
			AwakeInstancesAfterBackupRestoration (29ms)
Platform modules already initialized, skipping
Refreshing native plugins compatible for Editor in 0.66 ms, found 2 plugins.
Preloading 0 native plugins for Editor in 0.00 ms.
Unloading 2585 Unused Serialized files (Serialized files now loaded: 0)
Unloading 52 unused Assets / (89.7 KB). Loaded Objects now: 3050.
Memory consumption went from 225.6 MB to 225.6 MB.
Total: 7.688201 ms (FindLiveObjects: 0.233808 ms CreateObjectMapping: 0.155464 ms MarkObjects: 7.182430 ms  DeleteObjects: 0.115643 ms)

AssetImportParameters requested are different than current active one (requested -> active):
  custom:video-decoder-ogg-theora: a1e56fd34408186e4bbccfd4996cb3dc -> 
  custom:container-muxer-webm: aa71ff27fc2769a1b78a27578f13a17b -> 
  custom:container-demuxer-webm: 4f35f7cbe854078d1ac9338744f61a02 -> 
  custom:video-encoder-webm-vp8: eb34c28f22e8b96e1ab97ce403110664 -> 
  custom:framework-osx-AVFoundation: e770b220cccbd017edd2c1fefb359320 -> 
  custom:audio-encoder-webm-vorbis: bf7c407c2cedff20999df2af8eb42d56 -> 
  custom:SearchIndexIgnoredProperties: e643bd26f0fe6173181afceb89e7c659 -> 
  custom:container-demuxer-ogg: 62fdf1f143b41e24485cea50d1cbac27 -> 
  custom:video-decoder-webm-vp8: 9c59270c3fd7afecdb556c50c9e8de78 -> 
  custom:audio-decoder-ogg-vorbis: bf7c407c2cedff20999df2af8eb42d56 -> 
========================================================================
Received Prepare
Registering precompiled user dll's ...
Registered in 0.002552 seconds.
Begin MonoManager ReloadAssembly
Native extension for OSXStandalone target not found
Refreshing native plugins compatible for Editor in 0.71 ms, found 2 plugins.
Preloading 0 native plugins for Editor in 0.00 ms.
Warning: Annotation not found!
UnityEngine.StackTraceUtility:ExtractStackTrace () (at /Users/bokken/buildslave/unity/build/Runtime/Export/Scripting/StackTrace.cs:37)
UnityEditor.ProBuilder.EditorUtility:SetGizmoIconEnabled (System.Type,bool) (at Library/PackageCache/com.unity.probuilder@5.0.3/Editor/EditorCore/EditorUtility.cs:575)
UnityEditor.ProBuilder.HierarchyListener:.cctor () (at Library/PackageCache/com.unity.probuilder@5.0.3/Editor/EditorCore/HierarchyListener.cs:21)
System.Runtime.CompilerServices.RuntimeHelpers:RunClassConstructor (System.RuntimeTypeHandle)
UnityEditor.EditorAssemblies:ProcessInitializeOnLoadAttributes (System.Type[]) (at /Users/bokken/buildslave/unity/build/Editor/Mono/EditorAssemblies.cs:126)

[Library/PackageCache/com.unity.probuilder@5.0.3/Editor/EditorCore/EditorUtility.cs line 575]

Mono: successfully reloaded assembly
- Completed reload, in  1.577 seconds
Domain Reload Profiling:
	ReloadAssembly (1578ms)
		BeginReloadAssembly (196ms)
			ExecutionOrderSort (0ms)
			DisableScriptedObjects (10ms)
			BackupInstance (0ms)
			ReleaseScriptingObjects (0ms)
			CreateAndSetChildDomain (83ms)
		EndReloadAssembly (1248ms)
			LoadAssemblies (79ms)
			RebuildTransferFunctionScriptingTraits (0ms)
			SetupTypeCache (247ms)
			ReleaseScriptCaches (1ms)
			RebuildScriptCaches (78ms)
			SetupLoadedEditorAssemblies (660ms)
				LogAssemblyErrors (0ms)
				InitializePlatformSupportModulesInManaged (14ms)
				SetLoadedEditorAssemblies (1ms)
				RefreshPlugins (1ms)
				BeforeProcessingInitializeOnLoad (65ms)
				ProcessInitializeOnLoadAttributes (461ms)
				ProcessInitializeOnLoadMethodAttributes (116ms)
				AfterProcessingInitializeOnLoad (2ms)
				EditorAssembliesLoaded (0ms)
			ExecutionOrderSort2 (0ms)
			AwakeInstancesAfterBackupRestoration (7ms)
Platform modules already initialized, skipping
Refreshing native plugins compatible for Editor in 1.32 ms, found 2 plugins.
Preloading 0 native plugins for Editor in 0.00 ms.
Unloading 2566 Unused Serialized files (Serialized files now loaded: 0)
Unloading 52 unused Assets / (97.8 KB). Loaded Objects now: 3052.
Memory consumption went from 225.2 MB to 225.2 MB.
Total: 8.932784 ms (FindLiveObjects: 0.260288 ms CreateObjectMapping: 0.175224 ms MarkObjects: 8.377833 ms  DeleteObjects: 0.118347 ms)

AssetImportParameters requested are different than current active one (requested -> active):
  custom:video-decoder-ogg-theora: a1e56fd34408186e4bbccfd4996cb3dc -> 
  custom:container-muxer-webm: aa71ff27fc2769a1b78a27578f13a17b -> 
  custom:container-demuxer-webm: 4f35f7cbe854078d1ac9338744f61a02 -> 
  custom:video-encoder-webm-vp8: eb34c28f22e8b96e1ab97ce403110664 -> 
  custom:framework-osx-AVFoundation: e770b220cccbd017edd2c1fefb359320 -> 
  custom:audio-encoder-webm-vorbis: bf7c407c2cedff20999df2af8eb42d56 -> 
  custom:SearchIndexIgnoredProperties: e643bd26f0fe6173181afceb89e7c659 -> 
  custom:container-demuxer-ogg: 62fdf1f143b41e24485cea50d1cbac27 -> 
  custom:video-decoder-webm-vp8: 9c59270c3fd7afecdb556c50c9e8de78 -> 
  custom:audio-decoder-ogg-vorbis: bf7c407c2cedff20999df2af8eb42d56 -> 
========================================================================
Received Import Request.
  Time since last request: 2520.243915 seconds.
  path: Assets/Materials/BrickTexture.mat
  artifactKey: Guid(3da6407886e7a45228a34ed70c7f4779) Importer(2089858483,934ff659095e30574adcf32a4c2f97b5)
Start importing Assets/Materials/BrickTexture.mat using Guid(3da6407886e7a45228a34ed70c7f4779) Importer(2089858483,934ff659095e30574adcf32a4c2f97b5)  -> (artifact id: '631a1e3cf8dc74469e8349aa046531c0') in 0.311496 seconds 
========================================================================
Received Import Request.
  Time since last request: 0.002294 seconds.
  path: Assets/ProCore/ProGrids/GUI/ProGridsToggles/ProGrids2_GUI_PushToGrid_Pressed.png
  artifactKey: Guid(e30dcbe67edf04243b67502d79861503) Importer(2089858483,934ff659095e30574adcf32a4c2f97b5)
Start importing Assets/ProCore/ProGrids/GUI/ProGridsToggles/ProGrids2_GUI_PushToGrid_Pressed.png using Guid(e30dcbe67edf04243b67502d79861503) Importer(2089858483,934ff659095e30574adcf32a4c2f97b5)  -> (artifact id: 'dcdbfde94a64161763336b6ad1ba6329') in 0.012768 seconds 
========================================================================
Received Import Request.
  Time since last request: 0.000129 seconds.
  path: Assets/Standard Assets/Characters/RollerBall/Prefabs/RollerBall.prefab
  artifactKey: Guid(753ea9ccf9eee6c42a0954ec8663b992) Importer(2089858483,934ff659095e30574adcf32a4c2f97b5)
Start importing Assets/Standard Assets/Characters/RollerBall/Prefabs/RollerBall.prefab using Guid(753ea9ccf9eee6c42a0954ec8663b992) Importer(2089858483,934ff659095e30574adcf32a4c2f97b5)  -> (artifact id: '9920ecb0eb172d41e11ebda96c692f51') in 0.195904 seconds 
========================================================================
Received Import Request.
  Time since last request: 0.002456 seconds.
  path: Assets/Standard Assets/Characters/RollerBall/Textures/RollerBallSpecularGloss.png
  artifactKey: Guid(7700d93a317c89246a647c7a6c3e7399) Importer(2089858483,934ff659095e30574adcf32a4c2f97b5)
Start importing Assets/Standard Assets/Characters/RollerBall/Textures/RollerBallSpecularGloss.png using Guid(7700d93a317c89246a647c7a6c3e7399) Importer(2089858483,934ff659095e30574adcf32a4c2f97b5)  -> (artifact id: 'e75bc65f7b36005e58168e9221ad3813') in 0.010850 seconds 
========================================================================
Received Import Request.
  Time since last request: 0.000049 seconds.
  path: Assets/Scenes/New Scene.unity
  artifactKey: Guid(c4ea585a737034dd89a0e778862c9f4f) Importer(2089858483,934ff659095e30574adcf32a4c2f97b5)
Start importing Assets/Scenes/New Scene.unity using Guid(c4ea585a737034dd89a0e778862c9f4f) Importer(2089858483,934ff659095e30574adcf32a4c2f97b5)  -> (artifact id: 'e45ed2454204f252d868f1789b552868') in 0.006766 seconds 
========================================================================
Received Import Request.
  Time since last request: 0.000113 seconds.
  path: Assets/Standard Assets/Characters/RollerBall/Scripts/Ball.cs
  artifactKey: Guid(e004fefca5c7ba44d9c5ffd46fdee2ed) Importer(2089858483,934ff659095e30574adcf32a4c2f97b5)
Start importing Assets/Standard Assets/Characters/RollerBall/Scripts/Ball.cs using Guid(e004fefca5c7ba44d9c5ffd46fdee2ed) Importer(2089858483,934ff659095e30574adcf32a4c2f97b5)  -> (artifact id: '81d281ae4410fe7d0651e86d460abf84') in 0.006397 seconds 
========================================================================
Received Import Request.
  Time since last request: 0.000184 seconds.
  path: Assets/Standard Assets/Characters/RollerBall/Scripts/BallUserControl.cs
  artifactKey: Guid(daa7e0829bc72c94babd728cc0466196) Importer(2089858483,934ff659095e30574adcf32a4c2f97b5)
Start importing Assets/Standard Assets/Characters/RollerBall/Scripts/BallUserControl.cs using Guid(daa7e0829bc72c94babd728cc0466196) Importer(2089858483,934ff659095e30574adcf32a4c2f97b5)  -> (artifact id: '633f73f44f70fdf6ebbc3c0617a8a979') in 0.005754 seconds 
========================================================================
Received Import Request.
  Time since last request: 0.000140 seconds.
  path: Assets/Standard Assets/Characters/FirstPersonCharacter/Audio/Footstep04.wav
  artifactKey: Guid(e9714160ce34f2b4ab63ff8c27bd68e1) Importer(2089858483,934ff659095e30574adcf32a4c2f97b5)
Start importing Assets/Standard Assets/Characters/FirstPersonCharacter/Audio/Footstep04.wav using Guid(e9714160ce34f2b4ab63ff8c27bd68e1) Importer(2089858483,934ff659095e30574adcf32a4c2f97b5)  -> (artifact id: 'e4b01d1a97e91ffd1848356406a0ed15') in 1.608317 seconds 
========================================================================
Received Import Request.
  Time since last request: 0.003286 seconds.
  path: Assets/Standard Assets/Characters/FirstPersonCharacter/Audio
  artifactKey: Guid(2dac79461900e0f4c93561031c2e6902) Importer(815301076,1909f56bfc062723c751e8b465ee728b)
Start importing Assets/Standard Assets/Characters/FirstPersonCharacter/Audio using Guid(2dac79461900e0f4c93561031c2e6902) Importer(815301076,1909f56bfc062723c751e8b465ee728b)  -> (artifact id: '2c384f5e1fd1c1ca272abd5d087da07a') in 0.001687 seconds 
========================================================================
Received Import Request.
  Time since last request: 0.000052 seconds.
  path: Assets/Standard Assets/Characters/ThirdPersonCharacter/Animation
  artifactKey: Guid(eb0e763ded53048dd80e7b78c35ded56) Importer(815301076,1909f56bfc062723c751e8b465ee728b)
Start importing Assets/Standard Assets/Characters/ThirdPersonCharacter/Animation using Guid(eb0e763ded53048dd80e7b78c35ded56) Importer(815301076,1909f56bfc062723c751e8b465ee728b)  -> (artifact id: '46e4dc46bb1d47ed65c231dd420ee130') in 0.000774 seconds 
========================================================================
Received Import Request.
  Time since last request: 0.000079 seconds.
  path: Assets/Standard Assets/Utility/ActivateTrigger.cs
  artifactKey: Guid(c8634e062924929664361c08745211fb) Importer(815301076,1909f56bfc062723c751e8b465ee728b)
Start importing Assets/Standard Assets/Utility/ActivateTrigger.cs using Guid(c8634e062924929664361c08745211fb) Importer(815301076,1909f56bfc062723c751e8b465ee728b)  -> (artifact id: 'efe926854abdb61fc8655e4742851af8') in 0.001646 seconds 
========================================================================
Received Import Request.
  Time since last request: 0.000100 seconds.
  path: Assets/Standard Assets/Characters/FirstPersonCharacter/Scripts/HeadBob.cs
  artifactKey: Guid(83c81407209f85e4c87c0cda8b32868e) Importer(815301076,1909f56bfc062723c751e8b465ee728b)
Start importing Assets/Standard Assets/Characters/FirstPersonCharacter/Scripts/HeadBob.cs using Guid(83c81407209f85e4c87c0cda8b32868e) Importer(815301076,1909f56bfc062723c751e8b465ee728b)  -> (artifact id: 'bcc0c38d743cc6b7af08adc00fecd551') in 0.001632 seconds 
========================================================================
Received Import Request.
  Time since last request: 0.000069 seconds.
  path: Assets/Standard Assets/Characters
  artifactKey: Guid(8c32f58513a41ef4dab9cb7704c5fb92) Importer(815301076,1909f56bfc062723c751e8b465ee728b)
Start importing Assets/Standard Assets/Characters using Guid(8c32f58513a41ef4dab9cb7704c5fb92) Importer(815301076,1909f56bfc062723c751e8b465ee728b)  -> (artifact id: '9f271da7f813b67312d99c6725101fb1') in 0.000682 seconds 
========================================================================
Received Import Request.
  Time since last request: 0.000053 seconds.
  path: Assets/ProCore/ProGrids/GUI/ProGridsToggles/ProGrids2_GUI_Snap_On.png
  artifactKey: Guid(d0b345e53b456764691f9db6fbfd48d4) Importer(2089858483,934ff659095e30574adcf32a4c2f97b5)
Start importing Assets/ProCore/ProGrids/GUI/ProGridsToggles/ProGrids2_GUI_Snap_On.png using Guid(d0b345e53b456764691f9db6fbfd48d4) Importer(2089858483,934ff659095e30574adcf32a4c2f97b5)  -> (artifact id: '7bca2a073debc28823f80aa876e8e50c') in 0.004455 seconds 
========================================================================
Received Import Request.
  Time since last request: 0.000116 seconds.
  path: Assets/Standard Assets/Characters/ThirdPersonCharacter/Animator
  artifactKey: Guid(29486a9cd1773f44f80570b5bd896a1d) Importer(815301076,1909f56bfc062723c751e8b465ee728b)
Start importing Assets/Standard Assets/Characters/ThirdPersonCharacter/Animator using Guid(29486a9cd1773f44f80570b5bd896a1d) Importer(815301076,1909f56bfc062723c751e8b465ee728b)  -> (artifact id: '414a12c2c47a1283c9f1a498894986ff') in 0.000923 seconds 
========================================================================
Received Import Request.
  Time since last request: 0.000055 seconds.
  path: Assets/Standard Assets/Characters/FirstPersonCharacter/Audio/Footstep01.wav
  artifactKey: Guid(42e65e088b3f4374e851b8dbd38f3df9) Importer(2089858483,934ff659095e30574adcf32a4c2f97b5)
Start importing Assets/Standard Assets/Characters/FirstPersonCharacter/Audio/Footstep01.wav using Guid(42e65e088b3f4374e851b8dbd38f3df9) Importer(2089858483,934ff659095e30574adcf32a4c2f97b5)  -> (artifact id: '7335b3ae3c85fe6dcaa4e024af43e525') in 0.004064 seconds 
========================================================================
Received Import Request.
  Time since last request: 0.000049 seconds.
  path: Assets/Standard Assets/Characters/RollerBall/Scripts/BallUserControl.cs
  artifactKey: Guid(daa7e0829bc72c94babd728cc0466196) Importer(815301076,1909f56bfc062723c751e8b465ee728b)
Start importing Assets/Standard Assets/Characters/RollerBall/Scripts/BallUserControl.cs using Guid(daa7e0829bc72c94babd728cc0466196) Importer(815301076,1909f56bfc062723c751e8b465ee728b)  -> (artifact id: '6915a2e009b605d9e9a5009843e7481e') in 0.002068 seconds 
========================================================================
Received Import Request.
  Time since last request: 0.000063 seconds.
  path: Assets/Standard Assets/Characters/FirstPersonCharacter/Audio/Footstep02.wav
  artifactKey: Guid(8bc94ec6ed537e743b481638bdcd503d) Importer(2089858483,934ff659095e30574adcf32a4c2f97b5)
Start importing Assets/Standard Assets/Characters/FirstPersonCharacter/Audio/Footstep02.wav using Guid(8bc94ec6ed537e743b481638bdcd503d) Importer(2089858483,934ff659095e30574adcf32a4c2f97b5)  -> (artifact id: '8c3448671a35bf92f15d96abea9534fc') in 0.004883 seconds 
========================================================================
Received Import Request.
  Time since last request: 0.000190 seconds.
  path: Assets/Standard Assets/CrossPlatformInput/Prefabs/CarTiltControls.prefab
  artifactKey: Guid(174090ae7f9eff84abe76f0ff062efac) Importer(2089858483,934ff659095e30574adcf32a4c2f97b5)
Start importing Assets/Standard Assets/CrossPlatformInput/Prefabs/CarTiltControls.prefab using Guid(174090ae7f9eff84abe76f0ff062efac) Importer(2089858483,934ff659095e30574adcf32a4c2f97b5)  -> (artifact id: '4093733cb74032a91d5d12af7f1d708c') in 0.033066 seconds 
========================================================================
Received Import Request.
  Time since last request: 0.000078 seconds.
  path: Assets/Prefabs/Room.prefab
  artifactKey: Guid(8bff06306a6e5489e9c8dc9e775b3433) Importer(2089858483,934ff659095e30574adcf32a4c2f97b5)
Start importing Assets/Prefabs/Room.prefab using Guid(8bff06306a6e5489e9c8dc9e775b3433) Importer(2089858483,934ff659095e30574adcf32a4c2f97b5)  -> (artifact id: 'e25089c871dec23645851b26177e7259') in 0.007831 seconds 
========================================================================
Received Import Request.
  Time since last request: 0.000138 seconds.
  path: Assets/Scenes/ProBuilderScene.unity
  artifactKey: Guid(7215324edbf79457a911dc790306249a) Importer(2089858483,934ff659095e30574adcf32a4c2f97b5)
Start importing Assets/Scenes/ProBuilderScene.unity using Guid(7215324edbf79457a911dc790306249a) Importer(2089858483,934ff659095e30574adcf32a4c2f97b5)  -> (artifact id: '085c6a7a7a46280e067b1114fa0df5cb') in 0.005733 seconds 
========================================================================
Received Import Request.
  Time since last request: 0.000078 seconds.
  path: Assets/Prefabs/BluePortal.prefab
  artifactKey: Guid(851122496b3974105a55d214df63ec23) Importer(2089858483,934ff659095e30574adcf32a4c2f97b5)
Start importing Assets/Prefabs/BluePortal.prefab using Guid(851122496b3974105a55d214df63ec23) Importer(2089858483,934ff659095e30574adcf32a4c2f97b5)  -> (artifact id: '6ec5ce34e2aeab7dcdcefaa56012e7a3') in 0.011100 seconds 
========================================================================
Received Import Request.
  Time since last request: 0.000123 seconds.
  path: Assets/Standard Assets/CrossPlatformInput/Scripts/AxisTouchButton.cs
  artifactKey: Guid(9ab98b66288df7b4fa182075f2f12bd6) Importer(2089858483,934ff659095e30574adcf32a4c2f97b5)
Start importing Assets/Standard Assets/CrossPlatformInput/Scripts/AxisTouchButton.cs using Guid(9ab98b66288df7b4fa182075f2f12bd6) Importer(2089858483,934ff659095e30574adcf32a4c2f97b5)  -> (artifact id: '6096aae6ae8ba39a840d54283f238be1') in 0.006947 seconds 
========================================================================
Received Import Request.
  Time since last request: 0.000106 seconds.
  path: Assets/ProCore/ProGrids/GUI/ProGridsToggles/ProGrids2_GUI_Snap_Off.png
  artifactKey: Guid(91564349a1127d64cacbed97d125c1f6) Importer(2089858483,934ff659095e30574adcf32a4c2f97b5)
Start importing Assets/ProCore/ProGrids/GUI/ProGridsToggles/ProGrids2_GUI_Snap_Off.png using Guid(91564349a1127d64cacbed97d125c1f6) Importer(2089858483,934ff659095e30574adcf32a4c2f97b5)  -> (artifact id: '8056396da4804162262c989a018d8394') in 0.005549 seconds 
========================================================================
Received Import Request.
  Time since last request: 0.000077 seconds.
  path: Assets/ProCore/ProBuilder/Data/ProBuilderPreferences.asset
  artifactKey: Guid(b09aac81039e749ec9cf7e8804fbd5da) Importer(2089858483,934ff659095e30574adcf32a4c2f97b5)
Start importing Assets/ProCore/ProBuilder/Data/ProBuilderPreferences.asset using Guid(b09aac81039e749ec9cf7e8804fbd5da) Importer(2089858483,934ff659095e30574adcf32a4c2f97b5)  -> (artifact id: '917509320145071e6580925ffc44530f') in 0.244474 seconds 
========================================================================
Received Import Request.
  Time since last request: 0.002177 seconds.
  path: Assets/Standard Assets/CrossPlatformInput/CrossPlatformInputGuidelines.txt
  artifactKey: Guid(a3b997593a4f12c4c991490593f3b513) Importer(2089858483,934ff659095e30574adcf32a4c2f97b5)
Start importing Assets/Standard Assets/CrossPlatformInput/CrossPlatformInputGuidelines.txt using Guid(a3b997593a4f12c4c991490593f3b513) Importer(2089858483,934ff659095e30574adcf32a4c2f97b5)  -> (artifact id: 'af722995d20bdb9eab5d862efd234617') in 4.411097 seconds 
========================================================================
Received Import Request.
  Time since last request: 0.004012 seconds.
  path: Assets/ProCore/ProGrids/GUI/ProGridsToggles/ProGrids2_GUI_PGrid_3D_On.png
  artifactKey: Guid(b9070affd779543919170b8284170c7f) Importer(2089858483,934ff659095e30574adcf32a4c2f97b5)
Start importing Assets/ProCore/ProGrids/GUI/ProGridsToggles/ProGrids2_GUI_PGrid_3D_On.png using Guid(b9070affd779543919170b8284170c7f) Importer(2089858483,934ff659095e30574adcf32a4c2f97b5)  -> (artifact id: 'c16497870170d438c5bce24efa2032bd') in 0.003799 seconds 
========================================================================
Received Import Request.
  Time since last request: 0.000111 seconds.
  path: Assets/ProCore/ProGrids/GUI/ProGridsToggles/ProGrids2_GUI_PGrid_Z_On.png
  artifactKey: Guid(887d21fd78df45749a9c59c9f4d39ba3) Importer(2089858483,934ff659095e30574adcf32a4c2f97b5)
Start importing Assets/ProCore/ProGrids/GUI/ProGridsToggles/ProGrids2_GUI_PGrid_Z_On.png using Guid(887d21fd78df45749a9c59c9f4d39ba3) Importer(2089858483,934ff659095e30574adcf32a4c2f97b5)  -> (artifact id: 'a23b9c2c49157153884838c3ba33c942') in 0.004332 seconds 
========================================================================
Received Import Request.
  Time since last request: 0.000088 seconds.
  path: Assets/Shaders/MaskedTexture.shader
  artifactKey: Guid(9fd990a13007c4feab36c1c78b6158af) Importer(2089858483,934ff659095e30574adcf32a4c2f97b5)
Start importing Assets/Shaders/MaskedTexture.shader using Guid(9fd990a13007c4feab36c1c78b6158af) Importer(2089858483,934ff659095e30574adcf32a4c2f97b5)  -> (artifact id: '339a05cf9dd7a4229feb9bb600912597') in 0.287265 seconds 
========================================================================
Received Import Request.
  Time since last request: 0.002650 seconds.
  path: Assets/Scripts/PortalGun.cs
  artifactKey: Guid(1255eca7d9e3c42c08d90880ff2a6f41) Importer(2089858483,934ff659095e30574adcf32a4c2f97b5)
Start importing Assets/Scripts/PortalGun.cs using Guid(1255eca7d9e3c42c08d90880ff2a6f41) Importer(2089858483,934ff659095e30574adcf32a4c2f97b5)  -> (artifact id: '429db7ea16ca3025af18888cd1566103') in 0.005937 seconds 
========================================================================
Received Import Request.
  Time since last request: 0.000064 seconds.
  path: Assets/FireFireWeapon/LightMG/Pistol30/Materials/Pistol_Model_0030_D.png
  artifactKey: Guid(548ddc5fcf836fd47bf6af042d930a3c) Importer(2089858483,934ff659095e30574adcf32a4c2f97b5)
Start importing Assets/FireFireWeapon/LightMG/Pistol30/Materials/Pistol_Model_0030_D.png using Guid(548ddc5fcf836fd47bf6af042d930a3c) Importer(2089858483,934ff659095e30574adcf32a4c2f97b5)  -> (artifact id: '629ca6b3da5af81f73941d033f2d8f62') in 0.005451 seconds 
========================================================================
Received Import Request.
  Time since last request: 0.000054 seconds.
  path: Assets/Standard Assets/Characters/RollerBall/Materials/RollerBallWhite.mat
  artifactKey: Guid(4b5dce0492bdfb648a389fe390071625) Importer(2089858483,934ff659095e30574adcf32a4c2f97b5)
Start importing Assets/Standard Assets/Characters/RollerBall/Materials/RollerBallWhite.mat using Guid(4b5dce0492bdfb648a389fe390071625) Importer(2089858483,934ff659095e30574adcf32a4c2f97b5)  -> (artifact id: '748423bc1996dad5f3cbc4abf14cc618') in 0.005296 seconds 
========================================================================
Received Import Request.
  Time since last request: 0.000056 seconds.
  path: Assets/Standard Assets/Utility/TimedObjectDestructor.cs
  artifactKey: Guid(37fac21d1f093d344816942d1abce94e) Importer(2089858483,934ff659095e30574adcf32a4c2f97b5)
Start importing Assets/Standard Assets/Utility/TimedObjectDestructor.cs using Guid(37fac21d1f093d344816942d1abce94e) Importer(2089858483,934ff659095e30574adcf32a4c2f97b5)  -> (artifact id: '82eca304f335c7553c77d8000527ccfa') in 0.003307 seconds 
========================================================================
Received Import Request.
  Time since last request: 0.000075 seconds.
  path: Assets/Standard Assets/Utility/SimpleActivatorMenu.cs
  artifactKey: Guid(69b69a5b0e0a85b4aa97a7edc40c37d1) Importer(2089858483,934ff659095e30574adcf32a4c2f97b5)
Start importing Assets/Standard Assets/Utility/SimpleActivatorMenu.cs using Guid(69b69a5b0e0a85b4aa97a7edc40c37d1) Importer(2089858483,934ff659095e30574adcf32a4c2f97b5)  -> (artifact id: '69243098d710d471a61940c924362be0') in 0.004611 seconds 
========================================================================
Received Import Request.
  Time since last request: 0.000054 seconds.
  path: Assets/ProCore/ProGrids/Classes/pg_IconUtility.cs
  artifactKey: Guid(192dd82c3ebd3b647ae292174a2f36a6) Importer(2089858483,934ff659095e30574adcf32a4c2f97b5)
Start importing Assets/ProCore/ProGrids/Classes/pg_IconUtility.cs using Guid(192dd82c3ebd3b647ae292174a2f36a6) Importer(2089858483,934ff659095e30574adcf32a4c2f97b5)  -> (artifact id: '1db6e08e7835716d97a10183f323e3a2') in 0.003546 seconds 
========================================================================
Received Import Request.
  Time since last request: 0.000060 seconds.
  path: Assets/Standard Assets/Characters/RollerBall/Models/RollerBall.fbx
  artifactKey: Guid(d05d496cb4f43c14e80630addd23652e) Importer(2089858483,934ff659095e30574adcf32a4c2f97b5)
Start importing Assets/Standard Assets/Characters/RollerBall/Models/RollerBall.fbx using Guid(d05d496cb4f43c14e80630addd23652e) Importer(2089858483,934ff659095e30574adcf32a4c2f97b5)  -> (artifact id: 'e7228750d2d5c779db784a4fcc42ceb3') in 0.006363 seconds 
========================================================================
Received Import Request.
  Time since last request: 0.000070 seconds.
  path: Assets/ProCore/ProGrids/GUI/ProGridsToggles/ProGrids2_GUI_PGrid_Lock_Off.png
  artifactKey: Guid(4248dedb08feb441b93fb1b4a5ceac45) Importer(2089858483,934ff659095e30574adcf32a4c2f97b5)
Start importing Assets/ProCore/ProGrids/GUI/ProGridsToggles/ProGrids2_GUI_PGrid_Lock_Off.png using Guid(4248dedb08feb441b93fb1b4a5ceac45) Importer(2089858483,934ff659095e30574adcf32a4c2f97b5)  -> (artifact id: 'c2b05db503f7d5603ba11c49ec592779') in 0.003753 seconds 
========================================================================
Received Import Request.
  Time since last request: 0.000053 seconds.
  path: Assets/Standard Assets/CrossPlatformInput/Sprites/ButtonArrowUpSprite.png
  artifactKey: Guid(4db017495c69e8140a56a0e2b669e3f8) Importer(2089858483,934ff659095e30574adcf32a4c2f97b5)
Start importing Assets/Standard Assets/CrossPlatformInput/Sprites/ButtonArrowUpSprite.png using Guid(4db017495c69e8140a56a0e2b669e3f8) Importer(2089858483,934ff659095e30574adcf32a4c2f97b5)  -> (artifact id: '57e2f1e0731168a422921cd4c6c1418f') in 0.009252 seconds 
========================================================================
Received Import Request.
  Time since last request: 0.000052 seconds.
  path: Assets/Standard Assets/Utility/DragRigidbody.cs
  artifactKey: Guid(58650e15a2607e44daa0f150e0061d89) Importer(2089858483,934ff659095e30574adcf32a4c2f97b5)
Start importing Assets/Standard Assets/Utility/DragRigidbody.cs using Guid(58650e15a2607e44daa0f150e0061d89) Importer(2089858483,934ff659095e30574adcf32a4c2f97b5)  -> (artifact id: '2369bb3002f82dc0cc64984df8c3b8c0') in 0.003965 seconds 
========================================================================
Received Import Request.
  Time since last request: 0.000078 seconds.
  path: Assets/Standard Assets/Utility/FPSCounter.cs
  artifactKey: Guid(22bbf57ec543cee42a5aa0ec2dd9e457) Importer(2089858483,934ff659095e30574adcf32a4c2f97b5)
Start importing Assets/Standard Assets/Utility/FPSCounter.cs using Guid(22bbf57ec543cee42a5aa0ec2dd9e457) Importer(2089858483,934ff659095e30574adcf32a4c2f97b5)  -> (artifact id: '9eabd1f49900be0834af1c8b026ea830') in 0.003727 seconds 
========================================================================
Received Import Request.
  Time since last request: 0.000055 seconds.
  path: Assets/Standard Assets/Utility/AlphaButtonClickMask.cs
  artifactKey: Guid(971f44ba24a74294294daed00507d80e) Importer(2089858483,934ff659095e30574adcf32a4c2f97b5)
Start importing Assets/Standard Assets/Utility/AlphaButtonClickMask.cs using Guid(971f44ba24a74294294daed00507d80e) Importer(2089858483,934ff659095e30574adcf32a4c2f97b5)  -> (artifact id: '018f046b416b67063edb9a0a9322aa95') in 0.003442 seconds 
========================================================================
Received Import Request.
  Time since last request: 0.000085 seconds.
  path: Assets/ProCore/ProGrids/GUI/ProGridsToggles/ProGrids2_GUI_PGrid_3D_Off.png
  artifactKey: Guid(7fd5b20cf2a654b2e870f7a1fc36880c) Importer(2089858483,934ff659095e30574adcf32a4c2f97b5)
Start importing Assets/ProCore/ProGrids/GUI/ProGridsToggles/ProGrids2_GUI_PGrid_3D_Off.png using Guid(7fd5b20cf2a654b2e870f7a1fc36880c) Importer(2089858483,934ff659095e30574adcf32a4c2f97b5)  -> (artifact id: '624363c223bc2d304632c1b7afbf6c76') in 0.005197 seconds 
========================================================================
Received Import Request.
  Time since last request: 0.000051 seconds.
  path: Assets/Standard Assets/Utility/ForcedReset.cs
  artifactKey: Guid(9b886447cba80f74e820adb3c9e70c76) Importer(2089858483,934ff659095e30574adcf32a4c2f97b5)
Start importing Assets/Standard Assets/Utility/ForcedReset.cs using Guid(9b886447cba80f74e820adb3c9e70c76) Importer(2089858483,934ff659095e30574adcf32a4c2f97b5)  -> (artifact id: '49d2d81bb968dd9367e8c2343edb9fa9') in 0.004008 seconds 
========================================================================
Received Import Request.
  Time since last request: 0.000064 seconds.
  path: Assets/Standard Assets/Characters/FirstPersonCharacter/Audio/Land.wav
  artifactKey: Guid(3b09d59f4499d45428baa7a21e954296) Importer(2089858483,934ff659095e30574adcf32a4c2f97b5)
Start importing Assets/Standard Assets/Characters/FirstPersonCharacter/Audio/Land.wav using Guid(3b09d59f4499d45428baa7a21e954296) Importer(2089858483,934ff659095e30574adcf32a4c2f97b5)  -> (artifact id: 'ab9ac7addc8090f8c5931affa8976e6d') in 0.003342 seconds 
========================================================================
Received Import Request.
  Time since last request: 0.000068 seconds.
  path: Assets/Standard Assets/PhysicsMaterials/Wood.physicmaterial
  artifactKey: Guid(3aeb7dadc0c69d54d9e5777e9d5631f1) Importer(2089858483,934ff659095e30574adcf32a4c2f97b5)
Start importing Assets/Standard Assets/PhysicsMaterials/Wood.physicmaterial using Guid(3aeb7dadc0c69d54d9e5777e9d5631f1) Importer(2089858483,934ff659095e30574adcf32a4c2f97b5)  -> (artifact id: 'daf74aa213c4a2d907d4144c23aa875a') in 0.294592 seconds 
========================================================================
Received Import Request.
  Time since last request: 0.001687 seconds.
  path: Assets/Standard Assets/Utility/PlatformSpecificContent.cs
  artifactKey: Guid(b27507c5d0efbbd47ac8c1de9a1a0a35) Importer(2089858483,934ff659095e30574adcf32a4c2f97b5)
Start importing Assets/Standard Assets/Utility/PlatformSpecificContent.cs using Guid(b27507c5d0efbbd47ac8c1de9a1a0a35) Importer(2089858483,934ff659095e30574adcf32a4c2f97b5)  -> (artifact id: 'd2e5cee20e6fc3847a833fa94e3d6375') in 0.004987 seconds 
========================================================================
Received Import Request.
  Time since last request: 0.000045 seconds.
  path: Assets/FireFireWeapon/LightMG/Pistol30/Pistol30.prefab
  artifactKey: Guid(689a13b7fa63d7e45a9ca0897047f29e) Importer(2089858483,934ff659095e30574adcf32a4c2f97b5)
Start importing Assets/FireFireWeapon/LightMG/Pistol30/Pistol30.prefab using Guid(689a13b7fa63d7e45a9ca0897047f29e) Importer(2089858483,934ff659095e30574adcf32a4c2f97b5)  -> (artifact id: '86389d89d8679d65079e12b9327c3195') in 0.006296 seconds 
========================================================================
Received Import Request.
  Time since last request: 0.000051 seconds.
  path: Assets/ProCore/ProGrids/GUI/ProGridsToggles/ProGrids2_GUI_PGrid_Y_On.png
  artifactKey: Guid(24792d4c158d93944b3e7603a9ccac2a) Importer(2089858483,934ff659095e30574adcf32a4c2f97b5)
Start importing Assets/ProCore/ProGrids/GUI/ProGridsToggles/ProGrids2_GUI_PGrid_Y_On.png using Guid(24792d4c158d93944b3e7603a9ccac2a) Importer(2089858483,934ff659095e30574adcf32a4c2f97b5)  -> (artifact id: '15dadb9b2f701258047ba8718a5a4059') in 0.003387 seconds 
========================================================================
Received Import Request.
  Time since last request: 0.000065 seconds.
  path: Assets/ProCore/ProGrids/GUI/ProGridsToggles/ProGrids2_Button_Normal.png
  artifactKey: Guid(3c3493bf8d4a3e74c87521fe3146f305) Importer(2089858483,934ff659095e30574adcf32a4c2f97b5)
Start importing Assets/ProCore/ProGrids/GUI/ProGridsToggles/ProGrids2_Button_Normal.png using Guid(3c3493bf8d4a3e74c87521fe3146f305) Importer(2089858483,934ff659095e30574adcf32a4c2f97b5)  -> (artifact id: 'a9c24d4d1c2ceb52813f6e377b0180c2') in 0.005182 seconds 
========================================================================
Received Import Request.
  Time since last request: 0.000088 seconds.
  path: Assets/Standard Assets/Characters/FirstPersonCharacter/Audio/Jump.wav
  artifactKey: Guid(5897aeed9b676024fbb8c694b421a861) Importer(2089858483,934ff659095e30574adcf32a4c2f97b5)
Start importing Assets/Standard Assets/Characters/FirstPersonCharacter/Audio/Jump.wav using Guid(5897aeed9b676024fbb8c694b421a861) Importer(2089858483,934ff659095e30574adcf32a4c2f97b5)  -> (artifact id: '4858c5301b82630231371741c7830d3d') in 0.006178 seconds 
========================================================================
Received Import Request.
  Time since last request: 0.000099 seconds.
  path: Assets/Standard Assets/PhysicsMaterials/Metal.physicmaterial
  artifactKey: Guid(01571ba68fb2dad46aa03094ab219579) Importer(2089858483,934ff659095e30574adcf32a4c2f97b5)
Start importing Assets/Standard Assets/PhysicsMaterials/Metal.physicmaterial using Guid(01571ba68fb2dad46aa03094ab219579) Importer(2089858483,934ff659095e30574adcf32a4c2f97b5)  -> (artifact id: '253714c606ea55f41e5dad268c4c42af') in 0.005655 seconds 
========================================================================
Received Import Request.
  Time since last request: 0.000118 seconds.
  path: Assets/Standard Assets/CrossPlatformInput/Scripts/TouchPad.cs
  artifactKey: Guid(1caf40fc8bebb6b43b2550c05ca791d6) Importer(2089858483,934ff659095e30574adcf32a4c2f97b5)
Start importing Assets/Standard Assets/CrossPlatformInput/Scripts/TouchPad.cs using Guid(1caf40fc8bebb6b43b2550c05ca791d6) Importer(2089858483,934ff659095e30574adcf32a4c2f97b5)  -> (artifact id: 'ffc1780e732c7670de8616fcde7368d2') in 0.006999 seconds 
========================================================================
Received Import Request.
  Time since last request: 0.000101 seconds.
  path: Assets/Standard Assets/CrossPlatformInput/Scripts/CrossPlatformInputManager.cs
  artifactKey: Guid(6ac1ce5a5adfd9f46adbf5b6f752a47c) Importer(2089858483,934ff659095e30574adcf32a4c2f97b5)
Start importing Assets/Standard Assets/CrossPlatformInput/Scripts/CrossPlatformInputManager.cs using Guid(6ac1ce5a5adfd9f46adbf5b6f752a47c) Importer(2089858483,934ff659095e30574adcf32a4c2f97b5)  -> (artifact id: '3105906a0f17ea339d336d1e8fec340e') in 0.006642 seconds 
========================================================================
Received Import Request.
  Time since last request: 0.000098 seconds.
  path: Assets/ProCore/ProGrids/GUI/ProGridsToggles/ProGrids2_Button_Hover.png
  artifactKey: Guid(8281de412bbc46b40afdd068d9d2044f) Importer(2089858483,934ff659095e30574adcf32a4c2f97b5)
Start importing Assets/ProCore/ProGrids/GUI/ProGridsToggles/ProGrids2_Button_Hover.png using Guid(8281de412bbc46b40afdd068d9d2044f) Importer(2089858483,934ff659095e30574adcf32a4c2f97b5)  -> (artifact id: '595c500b71e9cbc29d7095ef09fe8a2d') in 0.006790 seconds 
========================================================================
Received Import Request.
  Time since last request: 0.000075 seconds.
  path: Assets/Standard Assets/Utility/FollowTarget.cs
  artifactKey: Guid(246cc59c7a84ea44f87f6b70acfe30c5) Importer(2089858483,934ff659095e30574adcf32a4c2f97b5)
Start importing Assets/Standard Assets/Utility/FollowTarget.cs using Guid(246cc59c7a84ea44f87f6b70acfe30c5) Importer(2089858483,934ff659095e30574adcf32a4c2f97b5)  -> (artifact id: 'b1884e100770fde09692de52266be043') in 0.003586 seconds 
========================================================================
Received Import Request.
  Time since last request: 0.000093 seconds.
  path: Assets/ProCore/ProGrids/Editor/pg_Editor.cs
  artifactKey: Guid(0ab80081d3e2f274ba76a692cdcfa8d9) Importer(2089858483,934ff659095e30574adcf32a4c2f97b5)
Start importing Assets/ProCore/ProGrids/Editor/pg_Editor.cs using Guid(0ab80081d3e2f274ba76a692cdcfa8d9) Importer(2089858483,934ff659095e30574adcf32a4c2f97b5)  -> (artifact id: 'ac033fa30f34a6c990d18500eb6723f2') in 0.003453 seconds 
========================================================================
Received Import Request.
  Time since last request: 0.000051 seconds.
  path: Assets/Prefabs/OrangePortal.prefab
  artifactKey: Guid(5ca729d41eae74a9f89787e98b95a227) Importer(2089858483,934ff659095e30574adcf32a4c2f97b5)
Start importing Assets/Prefabs/OrangePortal.prefab using Guid(5ca729d41eae74a9f89787e98b95a227) Importer(2089858483,934ff659095e30574adcf32a4c2f97b5)  -> (artifact id: 'fcff967648f30952a7852a5127dcb715') in 0.004433 seconds 
========================================================================
Received Import Request.
  Time since last request: 0.000054 seconds.
  path: Assets/Sounds/portal.wav
  artifactKey: Guid(fff0d2d8b375b4b4dbfd131c5e8a0842) Importer(2089858483,934ff659095e30574adcf32a4c2f97b5)
Start importing Assets/Sounds/portal.wav using Guid(fff0d2d8b375b4b4dbfd131c5e8a0842) Importer(2089858483,934ff659095e30574adcf32a4c2f97b5)  -> (artifact id: '3b66d5472d3c55b7bb0f21262ec209dd') in 0.004416 seconds 
========================================================================
Received Import Request.
  Time since last request: 0.000073 seconds.
  path: Assets/Prefabs/PortalGunFPSController.prefab
  artifactKey: Guid(9b43e608fc6b345cb96c9bcf44ebcbf6) Importer(815301076,1909f56bfc062723c751e8b465ee728b)
Start importing Assets/Prefabs/PortalGunFPSController.prefab using Guid(9b43e608fc6b345cb96c9bcf44ebcbf6) Importer(815301076,1909f56bfc062723c751e8b465ee728b)  -> (artifact id: '0aff3bbcde47ce0c6e08e3d0c43bba26') in 0.102355 seconds 
========================================================================
Received Import Request.
  Time since last request: 0.000087 seconds.
  path: Assets/Standard Assets/Characters/ThirdPersonCharacter/Animation/HumanoidCrouch.fbx
  artifactKey: Guid(d89ea37480b6d75458aa38843e9688dc) Importer(2089858483,934ff659095e30574adcf32a4c2f97b5)
Start importing Assets/Standard Assets/Characters/ThirdPersonCharacter/Animation/HumanoidCrouch.fbx using Guid(d89ea37480b6d75458aa38843e9688dc) Importer(2089858483,934ff659095e30574adcf32a4c2f97b5)  -> (artifact id: '6e6896e80004e4cafb5cc0be5ae02934') in 0.020051 seconds 
========================================================================
Received Import Request.
  Time since last request: 0.000050 seconds.
  path: Assets/Materials/OrangePortalMaterial.mat
  artifactKey: Guid(40d844ebf4ae74792862973196b185e5) Importer(2089858483,934ff659095e30574adcf32a4c2f97b5)
Start importing Assets/Materials/OrangePortalMaterial.mat using Guid(40d844ebf4ae74792862973196b185e5) Importer(2089858483,934ff659095e30574adcf32a4c2f97b5)  -> (artifact id: 'c6124b7d16ac4542b3ab370f87f5f1ee') in 0.003919 seconds 
========================================================================
Received Import Request.
  Time since last request: 0.000048 seconds.
  path: Assets/Textures/texture.png
  artifactKey: Guid(80ddc389372774e31b3b686a4d1297d8) Importer(2089858483,934ff659095e30574adcf32a4c2f97b5)
Start importing Assets/Textures/texture.png using Guid(80ddc389372774e31b3b686a4d1297d8) Importer(2089858483,934ff659095e30574adcf32a4c2f97b5)  -> (artifact id: '4a466a3a26d6242bf07cb9cf004e4cc7') in 0.005198 seconds 
========================================================================
Received Import Request.
  Time since last request: 0.000057 seconds.
  path: Assets/Standard Assets/Characters/ThirdPersonCharacter/Animation/HumanoidIdle.fbx
  artifactKey: Guid(dffa50cfe77e0434bbfa71245b3dd529) Importer(2089858483,934ff659095e30574adcf32a4c2f97b5)
Start importing Assets/Standard Assets/Characters/ThirdPersonCharacter/Animation/HumanoidIdle.fbx using Guid(dffa50cfe77e0434bbfa71245b3dd529) Importer(2089858483,934ff659095e30574adcf32a4c2f97b5)  -> (artifact id: 'c90e1b21d465d58310fa8d504d2e9a9c') in 0.008061 seconds 
========================================================================
Received Import Request.
  Time since last request: 0.000059 seconds.
  path: Assets/ProCore/ProGrids/Editor/pg_ToggleContent.cs
  artifactKey: Guid(66b1c4a9ec825c7458f935aae34d66b1) Importer(2089858483,934ff659095e30574adcf32a4c2f97b5)
Start importing Assets/ProCore/ProGrids/Editor/pg_ToggleContent.cs using Guid(66b1c4a9ec825c7458f935aae34d66b1) Importer(2089858483,934ff659095e30574adcf32a4c2f97b5)  -> (artifact id: '752f76a7fa0ec3a9e5d68e9a9e01e2d1') in 0.005409 seconds 
========================================================================
Received Import Request.
  Time since last request: 0.000077 seconds.
  path: Assets/ProCore/ProGrids/GUI/ProGridsToggles/ProGrids2_GUI_PGrid_Y_Off.png
  artifactKey: Guid(25ff53b61b5edf944ab6f902ec7ea13a) Importer(2089858483,934ff659095e30574adcf32a4c2f97b5)
Start importing Assets/ProCore/ProGrids/GUI/ProGridsToggles/ProGrids2_GUI_PGrid_Y_Off.png using Guid(25ff53b61b5edf944ab6f902ec7ea13a) Importer(2089858483,934ff659095e30574adcf32a4c2f97b5)  -> (artifact id: 'df69e793f203e4f71634789c785d9d0a') in 0.006347 seconds 
========================================================================
Received Import Request.
  Time since last request: 0.000139 seconds.
  path: Assets/Standard Assets/Characters/FirstPersonCharacter/Prefabs/FPSController.prefab
  artifactKey: Guid(5e9e851c0e142814dac026a256ba2ac0) Importer(2089858483,934ff659095e30574adcf32a4c2f97b5)
Start importing Assets/Standard Assets/Characters/FirstPersonCharacter/Prefabs/FPSController.prefab using Guid(5e9e851c0e142814dac026a256ba2ac0) Importer(2089858483,934ff659095e30574adcf32a4c2f97b5)  -> (artifact id: '7d42f408d447f373ecefc5487983ac20') in 0.009515 seconds 
========================================================================
Received Import Request.
  Time since last request: 0.000075 seconds.
  path: Assets/Standard Assets/Characters/ThirdPersonCharacter/Prefabs/AIThirdPersonController.prefab
  artifactKey: Guid(54eb5844754051b40a918a84c33b7c1a) Importer(815301076,1909f56bfc062723c751e8b465ee728b)
Start importing Assets/Standard Assets/Characters/ThirdPersonCharacter/Prefabs/AIThirdPersonController.prefab using Guid(54eb5844754051b40a918a84c33b7c1a) Importer(815301076,1909f56bfc062723c751e8b465ee728b)  -> (artifact id: '6ed5be9d205a7b5fb64db732ef3edee3') in 0.303895 seconds 
Editor requested this worker to shutdown with reason: Scaling down because of idle timeout
AssetImportWorker is now disconnected from the server
Process exiting
