Unity Editor version:    2021.2.0b16 (edbc0738c91b)
Branch:                  2021.2/staging
Build type:              Release
Batch mode:              YES
macOS version:           Version 11.6 (Build 20G165)
Darwin version:          20.6.0
Architecture:            x86_64
Running under Rosetta:   NO
Available memory:        65536 MB
Using pre-set license
Pro License: NO

COMMAND LINE ARGUMENTS:
/Applications/Unity/Hub/Editor/2021.2.0b16/Unity.app/Contents/MacOS/Unity
-adb2
-batchMode
-noUpm
-name
AssetImportWorker4
-projectPath
/Users/christian_hilton/Documents/harvardExt/23_game_dev/assignment10
-logFile
Logs/AssetImportWorker4.log
-srvPort
54915
Successfully changed project path to: /Users/christian_hilton/Documents/harvardExt/23_game_dev/assignment10
/Users/christian_hilton/Documents/harvardExt/23_game_dev/assignment10
[UnityMemory] Configuration Parameters - Can be set up in boot.config
    "memorysetup-bucket-allocator-granularity=16"
    "memorysetup-bucket-allocator-bucket-count=8"
    "memorysetup-bucket-allocator-block-size=33554432"
    "memorysetup-bucket-allocator-block-count=8"
    "memorysetup-main-allocator-block-size=16777216"
    "memorysetup-thread-allocator-block-size=16777216"
    "memorysetup-gfx-main-allocator-block-size=16777216"
    "memorysetup-gfx-thread-allocator-block-size=16777216"
    "memorysetup-cache-allocator-block-size=4194304"
    "memorysetup-typetree-allocator-block-size=2097152"
    "memorysetup-profiler-bucket-allocator-granularity=16"
    "memorysetup-profiler-bucket-allocator-bucket-count=8"
    "memorysetup-profiler-bucket-allocator-block-size=33554432"
    "memorysetup-profiler-bucket-allocator-block-count=8"
    "memorysetup-profiler-allocator-block-size=16777216"
    "memorysetup-profiler-editor-allocator-block-size=1048576"
    "memorysetup-temp-allocator-size-main=16777216"
    "memorysetup-job-temp-allocator-block-size=2097152"
    "memorysetup-job-temp-allocator-block-size-background=1048576"
    "memorysetup-job-temp-allocator-reduction-small-platforms=262144"
    "memorysetup-temp-allocator-size-background-worker=32768"
    "memorysetup-temp-allocator-size-job-worker=262144"
    "memorysetup-temp-allocator-size-preload-manager=33554432"
    "memorysetup-temp-allocator-size-nav-mesh-worker=65536"
    "memorysetup-temp-allocator-size-audio-worker=65536"
    "memorysetup-temp-allocator-size-cloud-worker=32768"
    "memorysetup-temp-allocator-size-gi-baking-worker=262144"
    "memorysetup-temp-allocator-size-gfx=262144"
Refreshing native plugins compatible for Editor in 87.06 ms, found 2 plugins.
Preloading 0 native plugins for Editor in 0.00 ms.
Initialize engine version: 2021.2.0b16 (edbc0738c91b)
[Subsystems] Discovering subsystems at path /Applications/Unity/Hub/Editor/2021.2.0b16/Unity.app/Contents/Resources/UnitySubsystems
[Subsystems] Discovering subsystems at path /Users/christian_hilton/Documents/harvardExt/23_game_dev/assignment10/Assets
GfxDevice: creating device client; threaded=0; jobified=0
Thunderbolt Display preferred device: AMD Radeon Pro 5500M (high power)
Metal devices available: 2
0: AMD Radeon Pro 5500M (high power)
1: Intel(R) UHD Graphics 630 (low power)
Using device AMD Radeon Pro 5500M (high power)
Initializing Metal device caps: AMD Radeon Pro 5500M
Initialize mono
Mono path[0] = '/Applications/Unity/Hub/Editor/2021.2.0b16/Unity.app/Contents/Managed'
Mono path[1] = '/Applications/Unity/Hub/Editor/2021.2.0b16/Unity.app/Contents/MonoBleedingEdge/lib/mono/unityjit-macos'
Mono config path = '/Applications/Unity/Hub/Editor/2021.2.0b16/Unity.app/Contents/MonoBleedingEdge/etc'
Using monoOptions --debugger-agent=transport=dt_socket,embedding=1,server=y,suspend=n,address=127.0.0.1:56547
Begin MonoManager ReloadAssembly
Registering precompiled unity dll's ...
Register platform support module: /Applications/Unity/Hub/Editor/2021.2.0b16/Unity.app/Contents/PlaybackEngines/MacStandaloneSupport/UnityEditor.OSXStandalone.Extensions.dll
Registered in 0.002115 seconds.
Native extension for OSXStandalone target not found
Refreshing native plugins compatible for Editor in 51.71 ms, found 2 plugins.
Preloading 0 native plugins for Editor in 0.00 ms.
Mono: successfully reloaded assembly
- Completed reload, in  2.162 seconds
Domain Reload Profiling:
	ReloadAssembly (2163ms)
		BeginReloadAssembly (74ms)
			ExecutionOrderSort (0ms)
			DisableScriptedObjects (0ms)
			BackupInstance (0ms)
			ReleaseScriptingObjects (0ms)
			CreateAndSetChildDomain (1ms)
		EndReloadAssembly (697ms)
			LoadAssemblies (72ms)
			RebuildTransferFunctionScriptingTraits (0ms)
			SetupTypeCache (170ms)
			ReleaseScriptCaches (0ms)
			RebuildScriptCaches (63ms)
			SetupLoadedEditorAssemblies (380ms)
				LogAssemblyErrors (0ms)
				InitializePlatformSupportModulesInManaged (9ms)
				SetLoadedEditorAssemblies (0ms)
				RefreshPlugins (52ms)
				BeforeProcessingInitializeOnLoad (3ms)
				ProcessInitializeOnLoadAttributes (248ms)
				ProcessInitializeOnLoadMethodAttributes (68ms)
				AfterProcessingInitializeOnLoad (0ms)
				EditorAssembliesLoaded (0ms)
			ExecutionOrderSort2 (0ms)
			AwakeInstancesAfterBackupRestoration (0ms)
Platform modules already initialized, skipping
Registering precompiled user dll's ...
Registered in 0.003169 seconds.
Begin MonoManager ReloadAssembly
Native extension for OSXStandalone target not found
Refreshing native plugins compatible for Editor in 0.73 ms, found 2 plugins.
Preloading 0 native plugins for Editor in 0.00 ms.
Package Manager log level set to [2]
Mono: successfully reloaded assembly
- Completed reload, in  2.054 seconds
Domain Reload Profiling:
	ReloadAssembly (2055ms)
		BeginReloadAssembly (285ms)
			ExecutionOrderSort (0ms)
			DisableScriptedObjects (9ms)
			BackupInstance (0ms)
			ReleaseScriptingObjects (0ms)
			CreateAndSetChildDomain (55ms)
		EndReloadAssembly (1611ms)
			LoadAssemblies (98ms)
			RebuildTransferFunctionScriptingTraits (0ms)
			SetupTypeCache (321ms)
			ReleaseScriptCaches (0ms)
			RebuildScriptCaches (70ms)
			SetupLoadedEditorAssemblies (922ms)
				LogAssemblyErrors (0ms)
				InitializePlatformSupportModulesInManaged (15ms)
				SetLoadedEditorAssemblies (1ms)
				RefreshPlugins (1ms)
				BeforeProcessingInitializeOnLoad (96ms)
				ProcessInitializeOnLoadAttributes (668ms)
				ProcessInitializeOnLoadMethodAttributes (139ms)
				AfterProcessingInitializeOnLoad (2ms)
				EditorAssembliesLoaded (0ms)
			ExecutionOrderSort2 (0ms)
			AwakeInstancesAfterBackupRestoration (5ms)
Platform modules already initialized, skipping
========================================================================
Worker process is ready to serve import requests
Launching external process: /Applications/Unity/Hub/Editor/2021.2.0b16/Unity.app/Contents/Tools/UnityShaderCompiler
Launched and connected shader compiler UnityShaderCompiler after 0.02 seconds
Refreshing native plugins compatible for Editor in 0.64 ms, found 2 plugins.
Preloading 0 native plugins for Editor in 0.00 ms.
Unloading 2599 Unused Serialized files (Serialized files now loaded: 0)
Unloading 126 unused Assets / (114.0 KB). Loaded Objects now: 3029.
Memory consumption went from 206.3 MB to 206.2 MB.
Total: 8.369480 ms (FindLiveObjects: 0.236358 ms CreateObjectMapping: 0.134351 ms MarkObjects: 7.770741 ms  DeleteObjects: 0.226797 ms)

AssetImportParameters requested are different than current active one (requested -> active):
  custom:video-decoder-ogg-theora: a1e56fd34408186e4bbccfd4996cb3dc -> 
  custom:container-muxer-webm: aa71ff27fc2769a1b78a27578f13a17b -> 
  custom:container-demuxer-webm: 4f35f7cbe854078d1ac9338744f61a02 -> 
  custom:video-encoder-webm-vp8: eb34c28f22e8b96e1ab97ce403110664 -> 
  custom:framework-osx-AVFoundation: e770b220cccbd017edd2c1fefb359320 -> 
  custom:audio-encoder-webm-vorbis: bf7c407c2cedff20999df2af8eb42d56 -> 
  custom:SearchIndexIgnoredProperties: e643bd26f0fe6173181afceb89e7c659 -> 
  custom:container-demuxer-ogg: 62fdf1f143b41e24485cea50d1cbac27 -> 
  custom:video-decoder-webm-vp8: 9c59270c3fd7afecdb556c50c9e8de78 -> 
  custom:audio-decoder-ogg-vorbis: bf7c407c2cedff20999df2af8eb42d56 -> 
========================================================================
Received Import Request.
  Time since last request: 871738.994593 seconds.
  path: Assets/FireFireWeapon/LightMG/Pistol30/Materials/Pistol_Model_0030_D.mat
  artifactKey: Guid(56200b0074d143e4ba52de1d3bbc9890) Importer(2089858483,934ff659095e30574adcf32a4c2f97b5)
Start importing Assets/FireFireWeapon/LightMG/Pistol30/Materials/Pistol_Model_0030_D.mat using Guid(56200b0074d143e4ba52de1d3bbc9890) Importer(2089858483,934ff659095e30574adcf32a4c2f97b5)  -> (artifact id: '1ee9dae810d28e21b843abd338f63fff') in 3.684225 seconds 
========================================================================
Received Import Request.
  Time since last request: 0.002107 seconds.
  path: Assets/FireFireWeapon/LightMG/Pistol28/Materials/Pistol_Model_0028_D.mat
  artifactKey: Guid(680c287c0b6e8fa42a9801801aeeddf3) Importer(2089858483,934ff659095e30574adcf32a4c2f97b5)
Start importing Assets/FireFireWeapon/LightMG/Pistol28/Materials/Pistol_Model_0028_D.mat using Guid(680c287c0b6e8fa42a9801801aeeddf3) Importer(2089858483,934ff659095e30574adcf32a4c2f97b5)  -> (artifact id: '7b77e0b006840d35169cd3950d11d59d') in 0.004706 seconds 
========================================================================
Received Import Request.
  Time since last request: 0.000053 seconds.
  path: Assets/Standard Assets/Utility/SmoothFollow.cs
  artifactKey: Guid(f76806479d916a64aa03f8e3eba7912f) Importer(2089858483,934ff659095e30574adcf32a4c2f97b5)
Start importing Assets/Standard Assets/Utility/SmoothFollow.cs using Guid(f76806479d916a64aa03f8e3eba7912f) Importer(2089858483,934ff659095e30574adcf32a4c2f97b5)  -> (artifact id: 'b50446a0570489f2ef7b995928222b74') in 2.751330 seconds 
========================================================================
Received Import Request.
  Time since last request: 0.249325 seconds.
  path: Assets/Standard Assets/Utility/Prefabs/FramerateCounter.prefab
  artifactKey: Guid(81154777d5417884981849c5243f6c01) Importer(2089858483,934ff659095e30574adcf32a4c2f97b5)
Start importing Assets/Standard Assets/Utility/Prefabs/FramerateCounter.prefab using Guid(81154777d5417884981849c5243f6c01) Importer(2089858483,934ff659095e30574adcf32a4c2f97b5)  -> (artifact id: 'ab5fae7d9437f66a3ffd4295336225ae') in 0.694884 seconds 
========================================================================
Received Import Request.
  Time since last request: 0.396157 seconds.
  path: Assets/FireFireWeapon/LightMG/Pistol28/Materials/Pistol_Model_0028_D.png
  artifactKey: Guid(b4e5d49e6ffe1ef41906cabe7bc33ca9) Importer(2089858483,934ff659095e30574adcf32a4c2f97b5)
Start importing Assets/FireFireWeapon/LightMG/Pistol28/Materials/Pistol_Model_0028_D.png using Guid(b4e5d49e6ffe1ef41906cabe7bc33ca9) Importer(2089858483,934ff659095e30574adcf32a4c2f97b5)  -> (artifact id: '012acd0e517311e74643571b5896ceaa') in 1.135478 seconds 
========================================================================
Received Prepare
Registering precompiled user dll's ...
Registered in 0.002584 seconds.
Begin MonoManager ReloadAssembly
Native extension for OSXStandalone target not found
Refreshing native plugins compatible for Editor in 0.78 ms, found 2 plugins.
Preloading 0 native plugins for Editor in 0.00 ms.
Warning: Annotation not found!
UnityEngine.StackTraceUtility:ExtractStackTrace () (at /Users/bokken/buildslave/unity/build/Runtime/Export/Scripting/StackTrace.cs:37)
UnityEditor.ProBuilder.EditorUtility:SetGizmoIconEnabled (System.Type,bool) (at Library/PackageCache/com.unity.probuilder@5.0.3/Editor/EditorCore/EditorUtility.cs:575)
UnityEditor.ProBuilder.HierarchyListener:.cctor () (at Library/PackageCache/com.unity.probuilder@5.0.3/Editor/EditorCore/HierarchyListener.cs:21)
System.Runtime.CompilerServices.RuntimeHelpers:RunClassConstructor (System.RuntimeTypeHandle)
UnityEditor.EditorAssemblies:ProcessInitializeOnLoadAttributes (System.Type[]) (at /Users/bokken/buildslave/unity/build/Editor/Mono/EditorAssemblies.cs:126)

[Library/PackageCache/com.unity.probuilder@5.0.3/Editor/EditorCore/EditorUtility.cs line 575]

Mono: successfully reloaded assembly
- Completed reload, in  1.777 seconds
Domain Reload Profiling:
	ReloadAssembly (1778ms)
		BeginReloadAssembly (199ms)
			ExecutionOrderSort (0ms)
			DisableScriptedObjects (9ms)
			BackupInstance (0ms)
			ReleaseScriptingObjects (0ms)
			CreateAndSetChildDomain (94ms)
		EndReloadAssembly (1435ms)
			LoadAssemblies (70ms)
			RebuildTransferFunctionScriptingTraits (0ms)
			SetupTypeCache (284ms)
			ReleaseScriptCaches (1ms)
			RebuildScriptCaches (58ms)
			SetupLoadedEditorAssemblies (757ms)
				LogAssemblyErrors (0ms)
				InitializePlatformSupportModulesInManaged (14ms)
				SetLoadedEditorAssemblies (1ms)
				RefreshPlugins (1ms)
				BeforeProcessingInitializeOnLoad (74ms)
				ProcessInitializeOnLoadAttributes (506ms)
				ProcessInitializeOnLoadMethodAttributes (158ms)
				AfterProcessingInitializeOnLoad (2ms)
				EditorAssembliesLoaded (0ms)
			ExecutionOrderSort2 (0ms)
			AwakeInstancesAfterBackupRestoration (44ms)
Platform modules already initialized, skipping
Refreshing native plugins compatible for Editor in 0.70 ms, found 2 plugins.
Preloading 0 native plugins for Editor in 0.00 ms.
Unloading 2585 Unused Serialized files (Serialized files now loaded: 0)
Unloading 52 unused Assets / (89.8 KB). Loaded Objects now: 3050.
Memory consumption went from 221.4 MB to 221.4 MB.
Total: 7.628442 ms (FindLiveObjects: 0.219626 ms CreateObjectMapping: 0.145859 ms MarkObjects: 7.152365 ms  DeleteObjects: 0.109584 ms)

AssetImportParameters requested are different than current active one (requested -> active):
  custom:video-decoder-ogg-theora: a1e56fd34408186e4bbccfd4996cb3dc -> 
  custom:container-muxer-webm: aa71ff27fc2769a1b78a27578f13a17b -> 
  custom:container-demuxer-webm: 4f35f7cbe854078d1ac9338744f61a02 -> 
  custom:video-encoder-webm-vp8: eb34c28f22e8b96e1ab97ce403110664 -> 
  custom:framework-osx-AVFoundation: e770b220cccbd017edd2c1fefb359320 -> 
  custom:audio-encoder-webm-vorbis: bf7c407c2cedff20999df2af8eb42d56 -> 
  custom:SearchIndexIgnoredProperties: e643bd26f0fe6173181afceb89e7c659 -> 
  custom:container-demuxer-ogg: 62fdf1f143b41e24485cea50d1cbac27 -> 
  custom:video-decoder-webm-vp8: 9c59270c3fd7afecdb556c50c9e8de78 -> 
  custom:audio-decoder-ogg-vorbis: bf7c407c2cedff20999df2af8eb42d56 -> 
========================================================================
Received Prepare
Registering precompiled user dll's ...
Registered in 0.002654 seconds.
Begin MonoManager ReloadAssembly
Native extension for OSXStandalone target not found
Refreshing native plugins compatible for Editor in 0.70 ms, found 2 plugins.
Preloading 0 native plugins for Editor in 0.00 ms.
Warning: Annotation not found!
UnityEngine.StackTraceUtility:ExtractStackTrace () (at /Users/bokken/buildslave/unity/build/Runtime/Export/Scripting/StackTrace.cs:37)
UnityEditor.ProBuilder.EditorUtility:SetGizmoIconEnabled (System.Type,bool) (at Library/PackageCache/com.unity.probuilder@5.0.3/Editor/EditorCore/EditorUtility.cs:575)
UnityEditor.ProBuilder.HierarchyListener:.cctor () (at Library/PackageCache/com.unity.probuilder@5.0.3/Editor/EditorCore/HierarchyListener.cs:21)
System.Runtime.CompilerServices.RuntimeHelpers:RunClassConstructor (System.RuntimeTypeHandle)
UnityEditor.EditorAssemblies:ProcessInitializeOnLoadAttributes (System.Type[]) (at /Users/bokken/buildslave/unity/build/Editor/Mono/EditorAssemblies.cs:126)

[Library/PackageCache/com.unity.probuilder@5.0.3/Editor/EditorCore/EditorUtility.cs line 575]

Mono: successfully reloaded assembly
- Completed reload, in  1.562 seconds
Domain Reload Profiling:
	ReloadAssembly (1563ms)
		BeginReloadAssembly (196ms)
			ExecutionOrderSort (0ms)
			DisableScriptedObjects (11ms)
			BackupInstance (0ms)
			ReleaseScriptingObjects (0ms)
			CreateAndSetChildDomain (76ms)
		EndReloadAssembly (1235ms)
			LoadAssemblies (84ms)
			RebuildTransferFunctionScriptingTraits (0ms)
			SetupTypeCache (241ms)
			ReleaseScriptCaches (1ms)
			RebuildScriptCaches (78ms)
			SetupLoadedEditorAssemblies (658ms)
				LogAssemblyErrors (0ms)
				InitializePlatformSupportModulesInManaged (13ms)
				SetLoadedEditorAssemblies (1ms)
				RefreshPlugins (1ms)
				BeforeProcessingInitializeOnLoad (66ms)
				ProcessInitializeOnLoadAttributes (460ms)
				ProcessInitializeOnLoadMethodAttributes (116ms)
				AfterProcessingInitializeOnLoad (2ms)
				EditorAssembliesLoaded (0ms)
			ExecutionOrderSort2 (0ms)
			AwakeInstancesAfterBackupRestoration (7ms)
Platform modules already initialized, skipping
Refreshing native plugins compatible for Editor in 0.79 ms, found 2 plugins.
Preloading 0 native plugins for Editor in 0.00 ms.
Unloading 2566 Unused Serialized files (Serialized files now loaded: 0)
Unloading 52 unused Assets / (105.6 KB). Loaded Objects now: 3052.
Memory consumption went from 221.0 MB to 220.9 MB.
Total: 13.648204 ms (FindLiveObjects: 0.360768 ms CreateObjectMapping: 0.301030 ms MarkObjects: 12.812487 ms  DeleteObjects: 0.172091 ms)

AssetImportParameters requested are different than current active one (requested -> active):
  custom:video-decoder-ogg-theora: a1e56fd34408186e4bbccfd4996cb3dc -> 
  custom:container-muxer-webm: aa71ff27fc2769a1b78a27578f13a17b -> 
  custom:container-demuxer-webm: 4f35f7cbe854078d1ac9338744f61a02 -> 
  custom:video-encoder-webm-vp8: eb34c28f22e8b96e1ab97ce403110664 -> 
  custom:framework-osx-AVFoundation: e770b220cccbd017edd2c1fefb359320 -> 
  custom:audio-encoder-webm-vorbis: bf7c407c2cedff20999df2af8eb42d56 -> 
  custom:SearchIndexIgnoredProperties: e643bd26f0fe6173181afceb89e7c659 -> 
  custom:container-demuxer-ogg: 62fdf1f143b41e24485cea50d1cbac27 -> 
  custom:video-decoder-webm-vp8: 9c59270c3fd7afecdb556c50c9e8de78 -> 
  custom:audio-decoder-ogg-vorbis: bf7c407c2cedff20999df2af8eb42d56 -> 
========================================================================
Received Import Request.
  Time since last request: 2520.696632 seconds.
  path: Assets/Materials/BluePortalMaterial.mat
  artifactKey: Guid(19833ecf2e6a44485b302798af3cea4d) Importer(2089858483,934ff659095e30574adcf32a4c2f97b5)
Start importing Assets/Materials/BluePortalMaterial.mat using Guid(19833ecf2e6a44485b302798af3cea4d) Importer(2089858483,934ff659095e30574adcf32a4c2f97b5)  -> (artifact id: '1538f5a5a2334132da6f02dd20e5a18a') in 0.132885 seconds 
========================================================================
Received Import Request.
  Time since last request: 0.000064 seconds.
  path: Assets/Standard Assets/Characters/RollerBall/Materials/RollerBallGrey.mat
  artifactKey: Guid(6fd099d339b4ae34692c8258e4f87531) Importer(2089858483,934ff659095e30574adcf32a4c2f97b5)
Start importing Assets/Standard Assets/Characters/RollerBall/Materials/RollerBallGrey.mat using Guid(6fd099d339b4ae34692c8258e4f87531) Importer(2089858483,934ff659095e30574adcf32a4c2f97b5)  -> (artifact id: '9da94c36fe81570018c4b5856de176f2') in 0.010515 seconds 
========================================================================
Received Import Request.
  Time since last request: 0.000045 seconds.
  path: Assets/ProCore/ProGrids/GUI/ProGridsToggles/ProGrids2_MenuExtendo_Open.png
  artifactKey: Guid(222514fd9bda9394e9658d2fe15f2090) Importer(2089858483,934ff659095e30574adcf32a4c2f97b5)
Start importing Assets/ProCore/ProGrids/GUI/ProGridsToggles/ProGrids2_MenuExtendo_Open.png using Guid(222514fd9bda9394e9658d2fe15f2090) Importer(2089858483,934ff659095e30574adcf32a4c2f97b5)  -> (artifact id: 'f6421a0cf426efcf2ba52e0a01c19dfa') in 0.006337 seconds 
========================================================================
Received Import Request.
  Time since last request: 0.000056 seconds.
  path: Assets/Standard Assets/Characters/FirstPersonCharacter/Audio/Footstep03.wav
  artifactKey: Guid(5a9383dda6cabc047b7a297602e93eb4) Importer(2089858483,934ff659095e30574adcf32a4c2f97b5)
Start importing Assets/Standard Assets/Characters/FirstPersonCharacter/Audio/Footstep03.wav using Guid(5a9383dda6cabc047b7a297602e93eb4) Importer(2089858483,934ff659095e30574adcf32a4c2f97b5)  -> (artifact id: '404921175334ec042f35a5a266200006') in 1.771871 seconds 
========================================================================
Received Import Request.
  Time since last request: 0.004988 seconds.
  path: Assets/Standard Assets/Characters/FirstPersonCharacter/Prefabs/RigidBodyFPSController.prefab
  artifactKey: Guid(c6453f8e1f814744d8b94e5a6d1f9942) Importer(2089858483,934ff659095e30574adcf32a4c2f97b5)
Start importing Assets/Standard Assets/Characters/FirstPersonCharacter/Prefabs/RigidBodyFPSController.prefab using Guid(c6453f8e1f814744d8b94e5a6d1f9942) Importer(2089858483,934ff659095e30574adcf32a4c2f97b5)  -> (artifact id: '74bbcf588a6c84ae5239b1eff8359da8') in 0.011097 seconds 
========================================================================
Received Import Request.
  Time since last request: 0.000044 seconds.
  path: Assets/Standard Assets/Characters/ThirdPersonCharacter/Animation/HumanoidIdleJumpUp.fbx
  artifactKey: Guid(0d9d26e2162aa4d11ab075b34c029673) Importer(2089858483,934ff659095e30574adcf32a4c2f97b5)
Start importing Assets/Standard Assets/Characters/ThirdPersonCharacter/Animation/HumanoidIdleJumpUp.fbx using Guid(0d9d26e2162aa4d11ab075b34c029673) Importer(2089858483,934ff659095e30574adcf32a4c2f97b5)  -> (artifact id: '02aa4e0ef4894f48a187a78ee303148a') in 0.211004 seconds 
========================================================================
Received Import Request.
  Time since last request: 0.002742 seconds.
  path: Assets/Standard Assets/Characters/FirstPersonCharacter
  artifactKey: Guid(943e057eaae705e43b9e9b2e53d6adb0) Importer(815301076,1909f56bfc062723c751e8b465ee728b)
Start importing Assets/Standard Assets/Characters/FirstPersonCharacter using Guid(943e057eaae705e43b9e9b2e53d6adb0) Importer(815301076,1909f56bfc062723c751e8b465ee728b)  -> (artifact id: '1874acd872c5c1eca2317e2a6cf32cf1') in 0.001016 seconds 
========================================================================
Received Import Request.
  Time since last request: 0.000103 seconds.
  path: Assets/Standard Assets/Characters/FirstPersonCharacter/FirstPersonCharacterGuidelines.txt
  artifactKey: Guid(bc9b000e9b8028247bd816e159382646) Importer(815301076,1909f56bfc062723c751e8b465ee728b)
Start importing Assets/Standard Assets/Characters/FirstPersonCharacter/FirstPersonCharacterGuidelines.txt using Guid(bc9b000e9b8028247bd816e159382646) Importer(815301076,1909f56bfc062723c751e8b465ee728b)  -> (artifact id: 'e666cbde5d15afa3fd2eec4c209bc465') in 4.783955 seconds 
========================================================================
Received Import Request.
  Time since last request: 0.003214 seconds.
  path: Assets/Standard Assets/Characters/FirstPersonCharacter/Prefabs/FPSController.prefab
  artifactKey: Guid(5e9e851c0e142814dac026a256ba2ac0) Importer(815301076,1909f56bfc062723c751e8b465ee728b)
Start importing Assets/Standard Assets/Characters/FirstPersonCharacter/Prefabs/FPSController.prefab using Guid(5e9e851c0e142814dac026a256ba2ac0) Importer(815301076,1909f56bfc062723c751e8b465ee728b)  -> (artifact id: '0f6821ba3d7790e0df888708708333d8') in 0.026970 seconds 
========================================================================
Received Import Request.
  Time since last request: 0.000076 seconds.
  path: Assets/Standard Assets/Characters/FirstPersonCharacter/Scripts/MouseLook.cs
  artifactKey: Guid(37e60a97f2c87ae41b6cdc1055d78cb9) Importer(2089858483,934ff659095e30574adcf32a4c2f97b5)
Start importing Assets/Standard Assets/Characters/FirstPersonCharacter/Scripts/MouseLook.cs using Guid(37e60a97f2c87ae41b6cdc1055d78cb9) Importer(2089858483,934ff659095e30574adcf32a4c2f97b5)  -> (artifact id: 'c8f505267378b3e4de9a5d5a7444a5d8') in 0.003938 seconds 
========================================================================
Received Import Request.
  Time since last request: 0.000164 seconds.
  path: Assets/Standard Assets/Utility/CameraRefocus.cs
  artifactKey: Guid(d1e2e7a54dcc8694ab1eca46d072f264) Importer(2089858483,934ff659095e30574adcf32a4c2f97b5)
Start importing Assets/Standard Assets/Utility/CameraRefocus.cs using Guid(d1e2e7a54dcc8694ab1eca46d072f264) Importer(2089858483,934ff659095e30574adcf32a4c2f97b5)  -> (artifact id: 'c3c0e15c40518fed962dc1ea0c5fe3f7') in 0.006770 seconds 
========================================================================
Received Import Request.
  Time since last request: 0.000101 seconds.
  path: Assets/Standard Assets/Utility/AutoMobileShaderSwitch.cs
  artifactKey: Guid(9c4978ff6447f9040b84acc89b0bbdc8) Importer(2089858483,934ff659095e30574adcf32a4c2f97b5)
Start importing Assets/Standard Assets/Utility/AutoMobileShaderSwitch.cs using Guid(9c4978ff6447f9040b84acc89b0bbdc8) Importer(2089858483,934ff659095e30574adcf32a4c2f97b5)  -> (artifact id: '6eef325b5072d1bc280c7de4e58a2b83') in 0.005655 seconds 
========================================================================
Received Import Request.
  Time since last request: 0.000067 seconds.
  path: Assets/Standard Assets/Characters/ThirdPersonCharacter/ThirdPersonCharacterGuidelines.txt
  artifactKey: Guid(af82a5dcdad0f544c99fd1a84212021d) Importer(2089858483,934ff659095e30574adcf32a4c2f97b5)
Start importing Assets/Standard Assets/Characters/ThirdPersonCharacter/ThirdPersonCharacterGuidelines.txt using Guid(af82a5dcdad0f544c99fd1a84212021d) Importer(2089858483,934ff659095e30574adcf32a4c2f97b5)  -> (artifact id: '4e343d30f36cc2d9f212516326bb33cc') in 0.005863 seconds 
========================================================================
Received Import Request.
  Time since last request: 0.000094 seconds.
  path: Assets/Standard Assets/Characters/FirstPersonCharacter/Scripts/FirstPersonController.cs
  artifactKey: Guid(05ec5cf00ca181d45a42ba1870e148c3) Importer(2089858483,934ff659095e30574adcf32a4c2f97b5)
Start importing Assets/Standard Assets/Characters/FirstPersonCharacter/Scripts/FirstPersonController.cs using Guid(05ec5cf00ca181d45a42ba1870e148c3) Importer(2089858483,934ff659095e30574adcf32a4c2f97b5)  -> (artifact id: '03ec5e121bb9170079b4b519a300a697') in 0.003652 seconds 
========================================================================
Received Import Request.
  Time since last request: 0.000074 seconds.
  path: Assets/Standard Assets/Characters/RollerBall/Textures/RollerBallAlbedo.png
  artifactKey: Guid(4b42c70f54fe4f24d84cdc651f46c005) Importer(2089858483,934ff659095e30574adcf32a4c2f97b5)
Start importing Assets/Standard Assets/Characters/RollerBall/Textures/RollerBallAlbedo.png using Guid(4b42c70f54fe4f24d84cdc651f46c005) Importer(2089858483,934ff659095e30574adcf32a4c2f97b5)  -> (artifact id: 'dc3b011f9658e9a9f4bc5eefd1764480') in 0.006442 seconds 
========================================================================
Received Import Request.
  Time since last request: 0.000064 seconds.
  path: Assets/Standard Assets/PhysicsMaterials/Rubber.physicmaterial
  artifactKey: Guid(52baaeb214519f347a35cf0edfd262ff) Importer(2089858483,934ff659095e30574adcf32a4c2f97b5)
Start importing Assets/Standard Assets/PhysicsMaterials/Rubber.physicmaterial using Guid(52baaeb214519f347a35cf0edfd262ff) Importer(2089858483,934ff659095e30574adcf32a4c2f97b5)  -> (artifact id: 'affc2277519a454f2d46913d9313ab5e') in 0.462586 seconds 
========================================================================
Received Import Request.
  Time since last request: 0.001722 seconds.
  path: Assets/Standard Assets/CrossPlatformInput/Sprites/ButtonCameraCycleUpSprite.png
  artifactKey: Guid(a3983c59ebf804b4abba687bd7c9e92f) Importer(2089858483,934ff659095e30574adcf32a4c2f97b5)
Start importing Assets/Standard Assets/CrossPlatformInput/Sprites/ButtonCameraCycleUpSprite.png using Guid(a3983c59ebf804b4abba687bd7c9e92f) Importer(2089858483,934ff659095e30574adcf32a4c2f97b5)  -> (artifact id: '9e57784bf0079eaaa8e7685f6f790a57') in 0.006813 seconds 
========================================================================
Received Import Request.
  Time since last request: 0.000063 seconds.
  path: Assets/ProCore/ProGrids/About/changelog.txt
  artifactKey: Guid(0ed9527ca682a804198b6fc47623896c) Importer(2089858483,934ff659095e30574adcf32a4c2f97b5)
Start importing Assets/ProCore/ProGrids/About/changelog.txt using Guid(0ed9527ca682a804198b6fc47623896c) Importer(2089858483,934ff659095e30574adcf32a4c2f97b5)  -> (artifact id: '9c8275d8dd8e16a37927ae92a3acb91a') in 0.003228 seconds 
========================================================================
Received Import Request.
  Time since last request: 0.000084 seconds.
  path: Assets/ProCore/ProGrids/GUI/ProGridsToggles/ProGrids2_GUI_PushToGrid_Normal.png
  artifactKey: Guid(0c98fb088f555430ca86cd7a4211b580) Importer(2089858483,934ff659095e30574adcf32a4c2f97b5)
Start importing Assets/ProCore/ProGrids/GUI/ProGridsToggles/ProGrids2_GUI_PushToGrid_Normal.png using Guid(0c98fb088f555430ca86cd7a4211b580) Importer(2089858483,934ff659095e30574adcf32a4c2f97b5)  -> (artifact id: 'e00eecf4bbccbf34d63eeba3853a2476') in 0.005784 seconds 
========================================================================
Received Import Request.
  Time since last request: 0.000076 seconds.
  path: Assets/Materials/MarbleTexture.mat
  artifactKey: Guid(3f3b1286ab31642f7833de6c9755d225) Importer(2089858483,934ff659095e30574adcf32a4c2f97b5)
Start importing Assets/Materials/MarbleTexture.mat using Guid(3f3b1286ab31642f7833de6c9755d225) Importer(2089858483,934ff659095e30574adcf32a4c2f97b5)  -> (artifact id: '1a63f01dd85bd6c97f41358af23602c9') in 0.005854 seconds 
========================================================================
Received Import Request.
  Time since last request: 0.000082 seconds.
  path: Assets/ProCore/ProGrids/MonoBehaviour/pg_IgnoreSnap.cs
  artifactKey: Guid(31c962280094e7146b53cd8abdfa5957) Importer(2089858483,934ff659095e30574adcf32a4c2f97b5)
Start importing Assets/ProCore/ProGrids/MonoBehaviour/pg_IgnoreSnap.cs using Guid(31c962280094e7146b53cd8abdfa5957) Importer(2089858483,934ff659095e30574adcf32a4c2f97b5)  -> (artifact id: '80cf6c61f02924f418e2f6998b426255') in 0.005824 seconds 
========================================================================
Received Import Request.
  Time since last request: 0.000075 seconds.
  path: Assets/ProCore/ProGrids/GUI/ProGridsToggles/ProGrids2_GUI_Vis_Off.png
  artifactKey: Guid(76ce1a75a7950114e8619c0810fbd115) Importer(2089858483,934ff659095e30574adcf32a4c2f97b5)
Start importing Assets/ProCore/ProGrids/GUI/ProGridsToggles/ProGrids2_GUI_Vis_Off.png using Guid(76ce1a75a7950114e8619c0810fbd115) Importer(2089858483,934ff659095e30574adcf32a4c2f97b5)  -> (artifact id: 'adb9c751f415b382c43457c9d2746f83') in 0.006584 seconds 
========================================================================
Received Import Request.
  Time since last request: 0.000130 seconds.
  path: Assets/ProCore/ProGrids/GUI/ProGridsToggles/ProGrids2_GUI_Vis_On.png
  artifactKey: Guid(590949d9d6facf84596b0d167ce152dd) Importer(2089858483,934ff659095e30574adcf32a4c2f97b5)
Start importing Assets/ProCore/ProGrids/GUI/ProGridsToggles/ProGrids2_GUI_Vis_On.png using Guid(590949d9d6facf84596b0d167ce152dd) Importer(2089858483,934ff659095e30574adcf32a4c2f97b5)  -> (artifact id: '7385bcc3870d1d5f83e98c59c9f7aebc') in 0.005182 seconds 
========================================================================
Received Import Request.
  Time since last request: 0.000073 seconds.
  path: Assets/ProCore/ProGrids/Classes/pg_SceneMeshRender.cs
  artifactKey: Guid(bb0712ebbf8b03f46a1c36447cee2893) Importer(2089858483,934ff659095e30574adcf32a4c2f97b5)
Start importing Assets/ProCore/ProGrids/Classes/pg_SceneMeshRender.cs using Guid(bb0712ebbf8b03f46a1c36447cee2893) Importer(2089858483,934ff659095e30574adcf32a4c2f97b5)  -> (artifact id: '6fc36948a1a00175c60d12d989890b2a') in 0.003493 seconds 
========================================================================
Received Import Request.
  Time since last request: 0.000078 seconds.
  path: Assets/Standard Assets/Characters/RollerBall/Scripts/Ball.cs
  artifactKey: Guid(e004fefca5c7ba44d9c5ffd46fdee2ed) Importer(815301076,1909f56bfc062723c751e8b465ee728b)
Start importing Assets/Standard Assets/Characters/RollerBall/Scripts/Ball.cs using Guid(e004fefca5c7ba44d9c5ffd46fdee2ed) Importer(815301076,1909f56bfc062723c751e8b465ee728b)  -> (artifact id: '3b6fcb4ec50223b31ad9336b251b368f') in 0.001366 seconds 
========================================================================
Received Import Request.
  Time since last request: 0.000071 seconds.
  path: Assets/Standard Assets/Characters/FirstPersonCharacter/Scripts/FirstPersonController.cs
  artifactKey: Guid(05ec5cf00ca181d45a42ba1870e148c3) Importer(815301076,1909f56bfc062723c751e8b465ee728b)
Start importing Assets/Standard Assets/Characters/FirstPersonCharacter/Scripts/FirstPersonController.cs using Guid(05ec5cf00ca181d45a42ba1870e148c3) Importer(815301076,1909f56bfc062723c751e8b465ee728b)  -> (artifact id: '3fb7118fd30954b452e4c5cb9217afb4') in 0.001702 seconds 
========================================================================
Received Import Request.
  Time since last request: 0.000054 seconds.
  path: Assets/Standard Assets/Characters/ThirdPersonCharacter/Scripts/AICharacterControl.cs
  artifactKey: Guid(8c5335f0882fe4d478883cc8c58ce906) Importer(815301076,1909f56bfc062723c751e8b465ee728b)
Start importing Assets/Standard Assets/Characters/ThirdPersonCharacter/Scripts/AICharacterControl.cs using Guid(8c5335f0882fe4d478883cc8c58ce906) Importer(815301076,1909f56bfc062723c751e8b465ee728b)  -> (artifact id: '81aa6269f85b3e42ff623f59c8e43b33') in 0.001224 seconds 
========================================================================
Received Import Request.
  Time since last request: 0.000064 seconds.
  path: Assets/Scenes/PortalScene.unity
  artifactKey: Guid(99c9720ab356a0642a771bea13969a05) Importer(2089858483,934ff659095e30574adcf32a4c2f97b5)
Start importing Assets/Scenes/PortalScene.unity using Guid(99c9720ab356a0642a771bea13969a05) Importer(2089858483,934ff659095e30574adcf32a4c2f97b5)  -> (artifact id: '9dfce875f16c2605a09ba966cc730d98') in 0.002683 seconds 
========================================================================
Received Import Request.
  Time since last request: 0.000055 seconds.
  path: Assets/ProCore/ProGrids/GUI/ProGridsToggles/ProGrids2_MenuExtendo_Close.png
  artifactKey: Guid(289968f5abbae3543a47bb276d719fb4) Importer(2089858483,934ff659095e30574adcf32a4c2f97b5)
Start importing Assets/ProCore/ProGrids/GUI/ProGridsToggles/ProGrids2_MenuExtendo_Close.png using Guid(289968f5abbae3543a47bb276d719fb4) Importer(2089858483,934ff659095e30574adcf32a4c2f97b5)  -> (artifact id: 'c03b6143d92131cf47230d8ee1b98ca6') in 0.003356 seconds 
========================================================================
Received Import Request.
  Time since last request: 0.000047 seconds.
  path: Assets/Standard Assets/Characters/FirstPersonCharacter/Scripts/RigidbodyFirstPersonController.cs
  artifactKey: Guid(81c9795a96c094f4cbde4d65546aa9b2) Importer(2089858483,934ff659095e30574adcf32a4c2f97b5)
Start importing Assets/Standard Assets/Characters/FirstPersonCharacter/Scripts/RigidbodyFirstPersonController.cs using Guid(81c9795a96c094f4cbde4d65546aa9b2) Importer(2089858483,934ff659095e30574adcf32a4c2f97b5)  -> (artifact id: 'ae0d1b14e030f16197525894324ac077') in 0.004963 seconds 
========================================================================
Received Import Request.
  Time since last request: 0.000077 seconds.
  path: Assets/Standard Assets/PhysicsMaterials/ZeroFriction.physicMaterial
  artifactKey: Guid(c2815a7ab32e42c4bb42f59caacb8ec1) Importer(2089858483,934ff659095e30574adcf32a4c2f97b5)
Start importing Assets/Standard Assets/PhysicsMaterials/ZeroFriction.physicMaterial using Guid(c2815a7ab32e42c4bb42f59caacb8ec1) Importer(2089858483,934ff659095e30574adcf32a4c2f97b5)  -> (artifact id: 'de4abbaaea24d313aa5c9d6f2634c2b1') in 0.307377 seconds 
========================================================================
Received Import Request.
  Time since last request: 0.001724 seconds.
  path: Assets/Standard Assets/PhysicsMaterials/MaxFriction.physicMaterial
  artifactKey: Guid(e52fb17f9b1e7fd48b8955f1391d3688) Importer(2089858483,934ff659095e30574adcf32a4c2f97b5)
Start importing Assets/Standard Assets/PhysicsMaterials/MaxFriction.physicMaterial using Guid(e52fb17f9b1e7fd48b8955f1391d3688) Importer(2089858483,934ff659095e30574adcf32a4c2f97b5)  -> (artifact id: '04c4ae64de227847a7ed892122ba0d22') in 0.003462 seconds 
========================================================================
Received Import Request.
  Time since last request: 0.000042 seconds.
  path: Assets/ProCore/ProGrids/Editor/pg_Preferences.cs
  artifactKey: Guid(19a8719bbc0e11f46b9cd7b9debdfc12) Importer(2089858483,934ff659095e30574adcf32a4c2f97b5)
Start importing Assets/ProCore/ProGrids/Editor/pg_Preferences.cs using Guid(19a8719bbc0e11f46b9cd7b9debdfc12) Importer(2089858483,934ff659095e30574adcf32a4c2f97b5)  -> (artifact id: 'e5d47de17653ea99bff85a01da970f86') in 0.003530 seconds 
========================================================================
Received Import Request.
  Time since last request: 0.000059 seconds.
  path: Assets/Standard Assets/PhysicsMaterials/Ice.physicmaterial
  artifactKey: Guid(ba92fb44336020f40bdf294bb66bc9da) Importer(2089858483,934ff659095e30574adcf32a4c2f97b5)
Start importing Assets/Standard Assets/PhysicsMaterials/Ice.physicmaterial using Guid(ba92fb44336020f40bdf294bb66bc9da) Importer(2089858483,934ff659095e30574adcf32a4c2f97b5)  -> (artifact id: '7790835399f20d64b207f535967fe4b6') in 0.004868 seconds 
========================================================================
Received Import Request.
  Time since last request: 0.000064 seconds.
  path: Assets/Standard Assets/Characters/FirstPersonCharacter/Scripts/HeadBob.cs
  artifactKey: Guid(83c81407209f85e4c87c0cda8b32868e) Importer(2089858483,934ff659095e30574adcf32a4c2f97b5)
Start importing Assets/Standard Assets/Characters/FirstPersonCharacter/Scripts/HeadBob.cs using Guid(83c81407209f85e4c87c0cda8b32868e) Importer(2089858483,934ff659095e30574adcf32a4c2f97b5)  -> (artifact id: 'f71b9bfa73a51ff48558c5c0b44bda28') in 0.003283 seconds 
========================================================================
Received Import Request.
  Time since last request: 0.000053 seconds.
  path: Assets/Standard Assets/Utility/FOVKick.cs
  artifactKey: Guid(6045a93fb05b9c74884821030da2c46c) Importer(2089858483,934ff659095e30574adcf32a4c2f97b5)
Start importing Assets/Standard Assets/Utility/FOVKick.cs using Guid(6045a93fb05b9c74884821030da2c46c) Importer(2089858483,934ff659095e30574adcf32a4c2f97b5)  -> (artifact id: 'a34e3af00daa9b028a8ceec290024136') in 0.003619 seconds 
========================================================================
Received Import Request.
  Time since last request: 0.000055 seconds.
  path: Assets/Textures/texture2.png
  artifactKey: Guid(32a773c2687464065b5f6a1ab31b39b7) Importer(2089858483,934ff659095e30574adcf32a4c2f97b5)
Start importing Assets/Textures/texture2.png using Guid(32a773c2687464065b5f6a1ab31b39b7) Importer(2089858483,934ff659095e30574adcf32a4c2f97b5)  -> (artifact id: '3530e6caff4d554d698f3bbda02cd305') in 0.005828 seconds 
========================================================================
Received Import Request.
  Time since last request: 0.000053 seconds.
  path: Assets/Textures/BluePortalTexture.renderTexture
  artifactKey: Guid(3cf9e3ae7b1eb4dc18236e9c4abe4540) Importer(2089858483,934ff659095e30574adcf32a4c2f97b5)
Start importing Assets/Textures/BluePortalTexture.renderTexture using Guid(3cf9e3ae7b1eb4dc18236e9c4abe4540) Importer(2089858483,934ff659095e30574adcf32a4c2f97b5)  -> (artifact id: 'e609730616c75e1d4535bb2bee3c38cf') in 0.200612 seconds 
Editor requested this worker to shutdown with reason: Scaling down because of idle timeout
AssetImportWorker is now disconnected from the server
Process exiting
